2023-12-31 14:24:06.031 [main] INFO  [code.config.Config.<clinit>:43] - /Users/kylelin1998/project/telegram-bot/random-dictionary-bot
/Users/kylelin1998/project/telegram-bot/random-dictionary-bot/config
/Users/kylelin1998/project/telegram-bot/random-dictionary-bot/config/config.yaml
2023-12-31 14:24:15.651 [telegram-knife-bot-handle-pool-0] INFO  [com.world.knife.steps.StepsHandler.init:95] - Steps init, id: 2, chat id: 6962878508, text: , list: [""]
2023-12-31 14:24:31.643 [Thread-0] INFO  [code.util.StatsUtil.stats:73] - {"code":200,"message":"SUCCESS","data":true}
2023-12-31 14:25:10.816 [Thread-0] INFO  [code.util.StatsUtil.stats:73] - {"code":200,"message":"SUCCESS","data":true}
2023-12-31 14:26:42.759 [main] INFO  [code.config.Config.<clinit>:43] - /Users/kylelin1998/project/telegram-bot/random-dictionary-bot
/Users/kylelin1998/project/telegram-bot/random-dictionary-bot/config
/Users/kylelin1998/project/telegram-bot/random-dictionary-bot/config/config.yaml
2023-12-31 14:26:47.239 [telegram-knife-bot-handle-pool-0] INFO  [com.world.knife.steps.StepsHandler.init:95] - Steps init, id: 2, chat id: 6962878508, text: , list: [""]
2023-12-31 14:26:49.511 [telegram-knife-bot-handle-pool-0] INFO  [com.world.knife.steps.StepsHandler.step:147] - Step, id: 2, chat id: 6962878508, text: , list: ["",""], context: {}
2023-12-31 14:26:49.511 [telegram-knife-bot-handle-pool-0] INFO  [com.world.knife.steps.StepsHandler.step:151] - Step finish, id: 2, chat id: 6962878508, text: , list: ["",""], context: {}
2023-12-31 14:27:09.616 [main] INFO  [code.config.Config.<clinit>:43] - /Users/kylelin1998/project/telegram-bot/random-dictionary-bot
/Users/kylelin1998/project/telegram-bot/random-dictionary-bot/config
/Users/kylelin1998/project/telegram-bot/random-dictionary-bot/config/config.yaml
2023-12-31 14:27:15.268 [telegram-knife-bot-handle-pool-0] INFO  [com.world.knife.steps.StepsHandler.init:95] - Steps init, id: 2, chat id: 6962878508, text: null, list: [null]
2023-12-31 14:27:16.542 [telegram-knife-bot-handle-pool-0] INFO  [com.world.knife.steps.StepsHandler.step:147] - Step, id: 2, chat id: 6962878508, text: null, list: [null,null], context: {}
2023-12-31 14:27:16.543 [telegram-knife-bot-handle-pool-0] INFO  [com.world.knife.steps.StepsHandler.step:151] - Step finish, id: 2, chat id: 6962878508, text: null, list: [null,null], context: {}
2023-12-31 14:27:35.229 [telegram-knife-bot-handle-pool-1] INFO  [com.world.knife.steps.StepsHandler.init:95] - Steps init, id: 3, chat id: 6962878508, text: null, list: [null]
2023-12-31 14:27:36.586 [telegram-knife-bot-handle-pool-1] INFO  [com.world.knife.steps.StepsHandler.step:147] - Step, id: 3, chat id: 6962878508, text: null, list: [null,null], context: {}
2023-12-31 14:27:36.587 [telegram-knife-bot-handle-pool-1] INFO  [com.world.knife.steps.StepsHandler.step:151] - Step finish, id: 3, chat id: 6962878508, text: null, list: [null,null], context: {}
2023-12-31 14:27:55.894 [Thread-0] INFO  [code.util.StatsUtil.stats:73] - {"code":5001,"message":"Format fail...","data":null}
2023-12-31 14:28:08.938 [Thread-0] INFO  [code.util.StatsUtil.stats:73] - {"code":200,"message":"SUCCESS","data":true}
2023-12-31 14:35:25.750 [telegram-knife-bot-handle-pool-2] INFO  [com.world.knife.steps.StepsHandler.init:95] - Steps init, id: 4, chat id: 6962878508, text: null, list: [null]
2023-12-31 14:35:26.986 [telegram-knife-bot-handle-pool-2] INFO  [com.world.knife.steps.StepsHandler.step:147] - Step, id: 4, chat id: 6962878508, text: null, list: [null,null], context: {}
2023-12-31 14:35:26.988 [telegram-knife-bot-handle-pool-2] INFO  [com.world.knife.steps.StepsHandler.step:151] - Step finish, id: 4, chat id: 6962878508, text: null, list: [null,null], context: {}
2023-12-31 14:35:43.845 [telegram-knife-bot-handle-pool-3] INFO  [com.world.knife.steps.StepsHandler.init:95] - Steps init, id: 5, chat id: 6962878508, text: null, list: [null]
2023-12-31 14:35:45.823 [telegram-knife-bot-handle-pool-3] INFO  [com.world.knife.steps.StepsHandler.step:147] - Step, id: 5, chat id: 6962878508, text: null, list: [null,null], context: {}
2023-12-31 14:35:45.824 [telegram-knife-bot-handle-pool-3] INFO  [com.world.knife.steps.StepsHandler.step:151] - Step finish, id: 5, chat id: 6962878508, text: null, list: [null,null], context: {}
2023-12-31 14:35:50.540 [telegram-knife-bot-handle-pool-4] INFO  [com.world.knife.steps.StepsHandler.init:95] - Steps init, id: 6, chat id: 6962878508, text: null, list: [null]
2023-12-31 14:35:51.765 [telegram-knife-bot-handle-pool-4] INFO  [com.world.knife.steps.StepsHandler.step:147] - Step, id: 6, chat id: 6962878508, text: null, list: [null,null], context: {}
2023-12-31 14:35:51.766 [telegram-knife-bot-handle-pool-4] INFO  [com.world.knife.steps.StepsHandler.step:151] - Step finish, id: 6, chat id: 6962878508, text: null, list: [null,null], context: {}
2023-12-31 14:35:52.134 [Thread-0] INFO  [code.util.StatsUtil.stats:73] - {"code":200,"message":"SUCCESS","data":true}
2023-12-31 14:36:05.043 [telegram-knife-bot-handle-pool-0] INFO  [com.world.knife.steps.StepsHandler.init:95] - Steps init, id: 7, chat id: 6962878508, text: null, list: [null]
2023-12-31 14:36:06.203 [telegram-knife-bot-handle-pool-0] INFO  [com.world.knife.steps.StepsHandler.step:147] - Step, id: 7, chat id: 6962878508, text: null, list: [null,null], context: {}
2023-12-31 14:36:06.204 [telegram-knife-bot-handle-pool-0] INFO  [com.world.knife.steps.StepsHandler.step:151] - Step finish, id: 7, chat id: 6962878508, text: null, list: [null,null], context: {}
2023-12-31 14:36:07.672 [Thread-0] INFO  [code.util.StatsUtil.stats:73] - {"code":200,"message":"SUCCESS","data":true}
2023-12-31 14:36:11.387 [telegram-knife-bot-handle-pool-1] INFO  [com.world.knife.steps.StepsHandler.init:95] - Steps init, id: 8, chat id: 6962878508, text: null, list: [null]
2023-12-31 14:36:13.289 [telegram-knife-bot-handle-pool-1] INFO  [com.world.knife.steps.StepsHandler.step:147] - Step, id: 8, chat id: 6962878508, text: null, list: [null,null], context: {}
2023-12-31 14:36:13.290 [telegram-knife-bot-handle-pool-1] INFO  [com.world.knife.steps.StepsHandler.step:151] - Step finish, id: 8, chat id: 6962878508, text: null, list: [null,null], context: {}
2023-12-31 14:36:16.634 [telegram-knife-bot-handle-pool-2] INFO  [com.world.knife.steps.StepsHandler.init:95] - Steps init, id: 9, chat id: 6962878508, text: null, list: [null]
2023-12-31 14:36:17.921 [telegram-knife-bot-handle-pool-2] INFO  [com.world.knife.steps.StepsHandler.step:147] - Step, id: 9, chat id: 6962878508, text: null, list: [null,null], context: {}
2023-12-31 14:36:17.921 [telegram-knife-bot-handle-pool-2] INFO  [com.world.knife.steps.StepsHandler.step:151] - Step finish, id: 9, chat id: 6962878508, text: null, list: [null,null], context: {}
2023-12-31 14:36:19.814 [Thread-0] INFO  [code.util.StatsUtil.stats:73] - {"code":200,"message":"SUCCESS","data":true}
2023-12-31 14:36:24.967 [telegram-knife-bot-handle-pool-3] INFO  [com.world.knife.steps.StepsHandler.init:95] - Steps init, id: 10, chat id: 6962878508, text: null, list: [null]
2023-12-31 14:36:26.018 [telegram-knife-bot-handle-pool-3] INFO  [com.world.knife.steps.StepsHandler.step:147] - Step, id: 10, chat id: 6962878508, text: null, list: [null,null], context: {}
2023-12-31 14:36:26.019 [telegram-knife-bot-handle-pool-3] INFO  [com.world.knife.steps.StepsHandler.step:151] - Step finish, id: 10, chat id: 6962878508, text: null, list: [null,null], context: {}
2023-12-31 14:36:29.320 [telegram-knife-bot-handle-pool-4] INFO  [com.world.knife.steps.StepsHandler.init:95] - Steps init, id: 11, chat id: 6962878508, text: null, list: [null]
2023-12-31 14:36:30.352 [telegram-knife-bot-handle-pool-4] INFO  [com.world.knife.steps.StepsHandler.step:147] - Step, id: 11, chat id: 6962878508, text: null, list: [null,null], context: {}
2023-12-31 14:36:30.353 [telegram-knife-bot-handle-pool-4] INFO  [com.world.knife.steps.StepsHandler.step:151] - Step finish, id: 11, chat id: 6962878508, text: null, list: [null,null], context: {}
2023-12-31 14:36:30.664 [Thread-0] INFO  [code.util.StatsUtil.stats:73] - {"code":200,"message":"SUCCESS","data":true}
2023-12-31 14:36:40.884 [Thread-0] INFO  [code.util.StatsUtil.stats:73] - {"code":200,"message":"SUCCESS","data":true}
2023-12-31 14:36:50.838 [Thread-0] INFO  [code.util.StatsUtil.stats:73] - {"code":200,"message":"SUCCESS","data":true}
2023-12-31 14:37:02.057 [Thread-0] INFO  [code.util.StatsUtil.stats:73] - {"code":200,"message":"SUCCESS","data":true}
2023-12-31 14:37:11.309 [Thread-0] INFO  [code.util.StatsUtil.stats:73] - {"code":200,"message":"SUCCESS","data":true}
2023-12-31 14:40:29.174 [main] INFO  [code.config.Config.<clinit>:43] - /Users/kylelin1998/project/telegram-bot/random-dictionary-bot
/Users/kylelin1998/project/telegram-bot/random-dictionary-bot/config
/Users/kylelin1998/project/telegram-bot/random-dictionary-bot/config/config.yaml
2023-12-31 14:40:48.784 [Thread-0] INFO  [code.util.StatsUtil.stats:73] - {"code":200,"message":"SUCCESS","data":true}
2023-12-31 14:41:00.023 [Thread-0] INFO  [code.util.StatsUtil.stats:73] - {"code":200,"message":"SUCCESS","data":true}
2023-12-31 14:41:14.474 [main] INFO  [code.config.Config.<clinit>:43] - /Users/kylelin1998/project/telegram-bot/random-dictionary-bot
/Users/kylelin1998/project/telegram-bot/random-dictionary-bot/config
/Users/kylelin1998/project/telegram-bot/random-dictionary-bot/config/config.yaml
2023-12-31 14:41:40.747 [main] INFO  [code.config.Config.<clinit>:43] - /Users/kylelin1998/project/telegram-bot/random-dictionary-bot
/Users/kylelin1998/project/telegram-bot/random-dictionary-bot/config
/Users/kylelin1998/project/telegram-bot/random-dictionary-bot/config/config.yaml
2023-12-31 14:41:44.047 [telegram-knife-bot-handle-pool-0] INFO  [com.world.knife.steps.StepsHandler.init:95] - Steps init, id: 2, chat id: 6962878508, text: null, list: [null]
2023-12-31 14:41:45.396 [telegram-knife-bot-handle-pool-0] INFO  [com.world.knife.steps.StepsHandler.step:147] - Step, id: 2, chat id: 6962878508, text: null, list: [null,null], context: {}
2023-12-31 14:41:45.396 [telegram-knife-bot-handle-pool-0] INFO  [com.world.knife.steps.StepsHandler.step:151] - Step finish, id: 2, chat id: 6962878508, text: null, list: [null,null], context: {}
2023-12-31 14:42:01.160 [Thread-0] INFO  [code.util.StatsUtil.stats:73] - {"code":200,"message":"SUCCESS","data":true}
2023-12-31 14:42:12.980 [Thread-0] INFO  [code.util.StatsUtil.stats:73] - {"code":200,"message":"SUCCESS","data":true}
2023-12-31 14:42:24.759 [Thread-0] INFO  [code.util.StatsUtil.stats:73] - {"code":200,"message":"SUCCESS","data":true}
2023-12-31 14:42:37.540 [Thread-0] INFO  [code.util.StatsUtil.stats:73] - {"code":200,"message":"SUCCESS","data":true}
2023-12-31 14:42:47.754 [Thread-0] INFO  [code.util.StatsUtil.stats:73] - {"code":200,"message":"SUCCESS","data":true}
2023-12-31 14:42:57.649 [Thread-0] INFO  [code.util.StatsUtil.stats:73] - {"code":200,"message":"SUCCESS","data":true}
2023-12-31 14:42:57.805 [telegram-knife-bot-handle-pool-2] INFO  [com.world.knife.steps.StepsHandler.init:95] - Steps init, id: 3, chat id: 6962878508, text: null, list: [null]
2023-12-31 14:42:59.051 [telegram-knife-bot-handle-pool-2] INFO  [com.world.knife.steps.StepsHandler.step:147] - Step, id: 3, chat id: 6962878508, text: null, list: [null,null], context: {}
2023-12-31 14:42:59.052 [telegram-knife-bot-handle-pool-2] INFO  [com.world.knife.steps.StepsHandler.step:151] - Step finish, id: 3, chat id: 6962878508, text: null, list: [null,null], context: {}
2023-12-31 14:43:02.612 [telegram-knife-bot-handle-pool-3] INFO  [com.world.knife.steps.StepsHandler.init:95] - Steps init, id: 4, chat id: 6962878508, text: null, list: [null]
2023-12-31 14:43:03.672 [telegram-knife-bot-handle-pool-3] INFO  [com.world.knife.steps.StepsHandler.step:147] - Step, id: 4, chat id: 6962878508, text: null, list: [null,null], context: {}
2023-12-31 14:43:03.675 [telegram-knife-bot-handle-pool-3] INFO  [com.world.knife.steps.StepsHandler.step:151] - Step finish, id: 4, chat id: 6962878508, text: null, list: [null,null], context: {}
2023-12-31 14:43:04.840 [telegram-knife-bot-handle-pool-4] INFO  [com.world.knife.steps.StepsHandler.init:95] - Steps init, id: 5, chat id: 6962878508, text: null, list: [null]
2023-12-31 14:43:06.060 [telegram-knife-bot-handle-pool-4] INFO  [com.world.knife.steps.StepsHandler.step:147] - Step, id: 5, chat id: 6962878508, text: null, list: [null,null], context: {}
2023-12-31 14:43:06.061 [telegram-knife-bot-handle-pool-4] INFO  [com.world.knife.steps.StepsHandler.step:151] - Step finish, id: 5, chat id: 6962878508, text: null, list: [null,null], context: {}
2023-12-31 14:43:09.672 [Thread-0] INFO  [code.util.StatsUtil.stats:73] - {"code":200,"message":"SUCCESS","data":true}
2023-12-31 14:43:22.747 [Thread-0] INFO  [code.util.StatsUtil.stats:73] - {"code":200,"message":"SUCCESS","data":true}
2023-12-31 14:43:33.256 [Thread-0] INFO  [code.util.StatsUtil.stats:73] - {"code":200,"message":"SUCCESS","data":true}
2023-12-31 14:43:48.543 [Thread-0] INFO  [code.util.StatsUtil.stats:73] - {"code":200,"message":"SUCCESS","data":true}
2023-12-31 15:01:00.440 [main] INFO  [code.config.Config.<clinit>:43] - /Users/kylelin1998/project/telegram-bot/random-dictionary-bot
/Users/kylelin1998/project/telegram-bot/random-dictionary-bot/config
/Users/kylelin1998/project/telegram-bot/random-dictionary-bot/config/config.yaml
2023-12-31 15:01:03.827 [telegram-knife-bot-handle-pool-0] INFO  [com.world.knife.steps.StepsHandler.init:95] - Steps init, id: 2, chat id: 6962878508, text: , list: [""]
2023-12-31 15:01:05.977 [telegram-knife-bot-handle-pool-0] INFO  [com.world.knife.steps.StepsHandler.step:147] - Step, id: 2, chat id: 6962878508, text: , list: ["",""], context: {}
2023-12-31 15:01:05.978 [telegram-knife-bot-handle-pool-0] INFO  [com.world.knife.steps.StepsHandler.step:151] - Step finish, id: 2, chat id: 6962878508, text: , list: ["",""], context: {}
2023-12-31 15:01:07.908 [telegram-knife-bot-handle-pool-1] INFO  [com.world.knife.steps.StepsHandler.init:95] - Steps init, id: 3, chat id: 6962878508, text: 1, list: ["1"]
2023-12-31 15:01:08.452 [telegram-knife-bot-handle-pool-1] INFO  [com.world.knife.steps.StepsHandler.step:147] - Step, id: 3, chat id: 6962878508, text: 1, list: ["1","1"], context: {}
2023-12-31 15:01:08.455 [telegram-knife-bot-handle-pool-1] INFO  [com.world.knife.steps.StepsHandler.step:151] - Step finish, id: 3, chat id: 6962878508, text: 1, list: ["1","1"], context: {}
2023-12-31 15:01:10.162 [telegram-knife-bot-handle-pool-2] INFO  [com.world.knife.steps.StepsHandler.init:95] - Steps init, id: 4, chat id: 6962878508, text: 2, list: ["2"]
2023-12-31 15:01:10.689 [telegram-knife-bot-handle-pool-2] INFO  [com.world.knife.steps.StepsHandler.step:147] - Step, id: 4, chat id: 6962878508, text: 2, list: ["2","2"], context: {}
2023-12-31 15:01:10.690 [telegram-knife-bot-handle-pool-2] INFO  [com.world.knife.steps.StepsHandler.step:151] - Step finish, id: 4, chat id: 6962878508, text: 2, list: ["2","2"], context: {}
2023-12-31 15:01:11.810 [telegram-knife-bot-handle-pool-3] INFO  [com.world.knife.steps.StepsHandler.init:95] - Steps init, id: 5, chat id: 6962878508, text: 1, list: ["1"]
2023-12-31 15:01:12.335 [telegram-knife-bot-handle-pool-3] INFO  [com.world.knife.steps.StepsHandler.step:147] - Step, id: 5, chat id: 6962878508, text: 1, list: ["1","1"], context: {}
2023-12-31 15:01:12.336 [telegram-knife-bot-handle-pool-3] INFO  [com.world.knife.steps.StepsHandler.step:151] - Step finish, id: 5, chat id: 6962878508, text: 1, list: ["1","1"], context: {}
2023-12-31 15:01:17.000 [Thread-0] INFO  [code.util.StatsUtil.stats:73] - {"code":200,"message":"SUCCESS","data":true}
2023-12-31 15:01:30.863 [Thread-0] INFO  [code.util.StatsUtil.stats:73] - {"code":200,"message":"SUCCESS","data":true}
2023-12-31 15:01:45.588 [Thread-0] INFO  [code.util.StatsUtil.stats:73] - {"code":200,"message":"SUCCESS","data":true}
2023-12-31 15:02:00.509 [Thread-0] INFO  [code.util.StatsUtil.stats:73] - {"code":200,"message":"SUCCESS","data":true}
2023-12-31 15:02:34.567 [main] INFO  [code.config.Config.<clinit>:43] - /Users/kylelin1998/project/telegram-bot/random-dictionary-bot
/Users/kylelin1998/project/telegram-bot/random-dictionary-bot/config
/Users/kylelin1998/project/telegram-bot/random-dictionary-bot/config/config.yaml
2023-12-31 15:03:07.494 [main] INFO  [code.config.Config.<clinit>:43] - /Users/kylelin1998/project/telegram-bot/random-dictionary-bot
/Users/kylelin1998/project/telegram-bot/random-dictionary-bot/config
/Users/kylelin1998/project/telegram-bot/random-dictionary-bot/config/config.yaml
2023-12-31 15:03:11.755 [telegram-knife-bot-handle-pool-0] INFO  [com.world.knife.steps.StepsHandler.init:95] - Steps init, id: 2, chat id: 6962878508, text: null, list: [null]
2023-12-31 15:03:13.061 [telegram-knife-bot-handle-pool-0] INFO  [com.world.knife.steps.StepsHandler.step:147] - Step, id: 2, chat id: 6962878508, text: null, list: [null,null], context: {}
2023-12-31 15:03:13.062 [telegram-knife-bot-handle-pool-0] INFO  [com.world.knife.steps.StepsHandler.step:151] - Step finish, id: 2, chat id: 6962878508, text: null, list: [null,null], context: {}
2023-12-31 15:03:19.136 [telegram-knife-bot-handle-pool-1] INFO  [com.world.knife.steps.StepsHandler.init:95] - Steps init, id: 3, chat id: 6962878508, text: , list: [""]
2023-12-31 15:03:20.376 [telegram-knife-bot-handle-pool-1] INFO  [com.world.knife.steps.StepsHandler.step:147] - Step, id: 3, chat id: 6962878508, text: , list: ["",""], context: {}
2023-12-31 15:03:20.378 [telegram-knife-bot-handle-pool-1] INFO  [com.world.knife.steps.StepsHandler.step:151] - Step finish, id: 3, chat id: 6962878508, text: , list: ["",""], context: {}
2023-12-31 15:03:21.861 [telegram-knife-bot-handle-pool-2] INFO  [com.world.knife.steps.StepsHandler.init:95] - Steps init, id: 4, chat id: 6962878508, text: , list: [""]
2023-12-31 15:03:23.464 [telegram-knife-bot-handle-pool-2] INFO  [com.world.knife.steps.StepsHandler.step:147] - Step, id: 4, chat id: 6962878508, text: , list: ["",""], context: {}
2023-12-31 15:03:23.466 [telegram-knife-bot-handle-pool-2] INFO  [com.world.knife.steps.StepsHandler.step:151] - Step finish, id: 4, chat id: 6962878508, text: , list: ["",""], context: {}
2023-12-31 15:03:25.516 [telegram-knife-bot-handle-pool-3] INFO  [com.world.knife.steps.StepsHandler.init:95] - Steps init, id: 5, chat id: 6962878508, text: 2, list: ["2"]
2023-12-31 15:03:26.054 [telegram-knife-bot-handle-pool-3] INFO  [com.world.knife.steps.StepsHandler.step:147] - Step, id: 5, chat id: 6962878508, text: 2, list: ["2","2"], context: {}
2023-12-31 15:03:26.055 [telegram-knife-bot-handle-pool-3] INFO  [com.world.knife.steps.StepsHandler.step:151] - Step finish, id: 5, chat id: 6962878508, text: 2, list: ["2","2"], context: {}
2023-12-31 15:03:27.060 [telegram-knife-bot-handle-pool-4] INFO  [com.world.knife.steps.StepsHandler.init:95] - Steps init, id: 6, chat id: 6962878508, text: null, list: [null]
2023-12-31 15:03:28.268 [telegram-knife-bot-handle-pool-4] INFO  [com.world.knife.steps.StepsHandler.step:147] - Step, id: 6, chat id: 6962878508, text: null, list: [null,null], context: {}
2023-12-31 15:03:28.269 [telegram-knife-bot-handle-pool-4] INFO  [com.world.knife.steps.StepsHandler.step:151] - Step finish, id: 6, chat id: 6962878508, text: null, list: [null,null], context: {}
2023-12-31 15:03:32.031 [Thread-0] INFO  [code.util.StatsUtil.stats:73] - {"code":200,"message":"SUCCESS","data":true}
2023-12-31 15:03:46.922 [Thread-0] INFO  [code.util.StatsUtil.stats:73] - {"code":200,"message":"SUCCESS","data":true}
2023-12-31 15:03:59.132 [Thread-0] INFO  [code.util.StatsUtil.stats:73] - {"code":200,"message":"SUCCESS","data":true}
2023-12-31 15:04:11.002 [Thread-0] INFO  [code.util.StatsUtil.stats:73] - {"code":200,"message":"SUCCESS","data":true}
2023-12-31 15:04:23.603 [Thread-0] INFO  [code.util.StatsUtil.stats:73] - {"code":200,"message":"SUCCESS","data":true}
2023-12-31 15:07:26.167 [telegram-knife-bot-handle-pool-0] INFO  [com.world.knife.steps.StepsHandler.init:95] - Steps init, id: 7, chat id: 6962878508, text: null, list: [null]
2023-12-31 15:07:26.579 [telegram-knife-bot-handle-pool-0] INFO  [com.world.knife.steps.StepsHandler.step:147] - Step, id: 7, chat id: 6962878508, text: null, list: [null,null], context: {}
2023-12-31 15:07:26.584 [telegram-knife-bot-handle-pool-0] INFO  [com.world.knife.steps.StepsHandler.step:151] - Step finish, id: 7, chat id: 6962878508, text: null, list: [null,null], context: {}
2023-12-31 15:07:46.963 [telegram-knife-bot-handle-pool-1] INFO  [com.world.knife.steps.StepsHandler.init:95] - Steps init, id: 8, chat id: 6962878508, text: null, list: [null]
2023-12-31 15:07:47.404 [telegram-knife-bot-handle-pool-1] INFO  [com.world.knife.steps.StepsHandler.step:147] - Step, id: 8, chat id: 6962878508, text: null, list: [null,null], context: {}
2023-12-31 15:07:47.405 [telegram-knife-bot-handle-pool-1] INFO  [com.world.knife.steps.StepsHandler.step:151] - Step finish, id: 8, chat id: 6962878508, text: null, list: [null,null], context: {}
2023-12-31 15:07:58.703 [telegram-knife-bot-handle-pool-2] INFO  [com.world.knife.steps.StepsHandler.init:95] - Steps init, id: 9, chat id: 6962878508, text: null, list: [null]
2023-12-31 15:07:59.042 [telegram-knife-bot-handle-pool-2] INFO  [com.world.knife.steps.StepsHandler.step:147] - Step, id: 9, chat id: 6962878508, text: null, list: [null,null], context: {}
2023-12-31 15:07:59.042 [telegram-knife-bot-handle-pool-2] INFO  [com.world.knife.steps.StepsHandler.step:151] - Step finish, id: 9, chat id: 6962878508, text: null, list: [null,null], context: {}
2023-12-31 15:08:02.763 [Thread-0] INFO  [code.util.StatsUtil.stats:73] - {"code":5001,"message":"Format fail...","data":null}
2023-12-31 15:08:19.136 [Thread-0] INFO  [code.util.StatsUtil.stats:73] - {"code":200,"message":"SUCCESS","data":true}
2023-12-31 15:08:33.480 [Thread-0] INFO  [code.util.StatsUtil.stats:73] - {"code":200,"message":"SUCCESS","data":true}
