2023-12-30 18:34:59.197 [main] INFO  [code.DictionaryHandle.handle:36] - 需要处理 384 条数据...
2023-12-30 18:34:59.229 [main] INFO  [code.DictionaryHandle.handle:33] - 处理中...
2023-12-30 18:34:59.235 [main] INFO  [code.DictionaryHandle.handle:36] - 需要处理 4423 条数据...
2023-12-30 18:34:59.241 [main] INFO  [code.DictionaryHandle.handle:33] - 处理中...
2023-12-30 18:34:59.244 [main] INFO  [code.DictionaryHandle.handle:36] - 需要处理 1228 条数据...
2023-12-30 18:34:59.246 [main] INFO  [code.DictionaryHandle.handle:33] - 处理中...
2023-12-30 18:34:59.247 [main] INFO  [code.DictionaryHandle.handle:36] - 需要处理 295 条数据...
2023-12-30 18:34:59.312 [main] INFO  [code.DictionaryHandle.handle:33] - 处理中...
2023-12-30 18:34:59.332 [main] INFO  [code.DictionaryHandle.handle:36] - 需要处理 12197 条数据...
2023-12-30 18:34:59.350 [main] INFO  [code.DictionaryHandle.handle:33] - 处理中...
2023-12-30 18:34:59.358 [main] INFO  [code.DictionaryHandle.handle:36] - 需要处理 3668 条数据...
2023-12-30 18:34:59.360 [main] INFO  [code.DictionaryHandle.handle:33] - 处理中...
2023-12-30 18:34:59.360 [main] INFO  [code.DictionaryHandle.handle:36] - 需要处理 156 条数据...
2023-12-30 18:34:59.363 [main] INFO  [code.DictionaryHandle.handle:33] - 处理中...
2023-12-30 18:34:59.365 [main] INFO  [code.DictionaryHandle.handle:36] - 需要处理 438 条数据...
2023-12-30 18:34:59.367 [main] INFO  [code.DictionaryHandle.handle:33] - 处理中...
2023-12-30 18:34:59.368 [main] INFO  [code.DictionaryHandle.handle:36] - 需要处理 419 条数据...
2023-12-30 18:34:59.384 [main] INFO  [code.DictionaryHandle.handle:33] - 处理中...
2023-12-30 18:34:59.389 [main] INFO  [code.DictionaryHandle.handle:36] - 需要处理 3728 条数据...
2023-12-30 18:34:59.411 [main] INFO  [code.DictionaryHandle.handle:33] - 处理中...
2023-12-30 18:34:59.420 [main] INFO  [code.DictionaryHandle.handle:36] - 需要处理 7199 条数据...
2023-12-30 18:34:59.424 [main] INFO  [code.DictionaryHandle.handle:33] - 处理中...
2023-12-30 18:34:59.424 [main] INFO  [code.DictionaryHandle.handle:36] - 需要处理 364 条数据...
2023-12-30 18:34:59.426 [main] INFO  [code.DictionaryHandle.handle:33] - 处理中...
2023-12-30 18:34:59.426 [main] INFO  [code.DictionaryHandle.handle:36] - 需要处理 84 条数据...
2023-12-30 18:34:59.429 [main] INFO  [code.DictionaryHandle.handle:33] - 处理中...
2023-12-30 18:34:59.430 [main] INFO  [code.DictionaryHandle.handle:36] - 需要处理 381 条数据...
2023-12-30 18:34:59.438 [main] INFO  [code.DictionaryHandle.handle:33] - 处理中...
2023-12-30 18:34:59.441 [main] INFO  [code.DictionaryHandle.handle:36] - 需要处理 1228 条数据...
2023-12-30 18:34:59.443 [main] INFO  [code.DictionaryHandle.handle:33] - 处理中...
2023-12-30 18:34:59.444 [main] INFO  [code.DictionaryHandle.handle:36] - 需要处理 336 条数据...
2023-12-30 18:34:59.460 [main] INFO  [code.DictionaryHandle.handle:33] - 处理中...
2023-12-30 18:34:59.466 [main] INFO  [code.DictionaryHandle.handle:36] - 需要处理 4025 条数据...
2023-12-30 18:34:59.468 [main] INFO  [code.DictionaryHandle.handle:33] - 处理中...
2023-12-30 18:34:59.468 [main] INFO  [code.DictionaryHandle.handle:36] - 需要处理 72 条数据...
2023-12-30 18:34:59.475 [main] INFO  [code.DictionaryHandle.handle:33] - 处理中...
2023-12-30 18:34:59.478 [main] INFO  [code.DictionaryHandle.handle:36] - 需要处理 1162 条数据...
2023-12-30 18:34:59.480 [main] INFO  [code.DictionaryHandle.handle:33] - 处理中...
2023-12-30 18:34:59.481 [main] INFO  [code.DictionaryHandle.handle:36] - 需要处理 327 条数据...
2023-12-30 18:34:59.482 [main] INFO  [code.DictionaryHandle.handle:33] - 处理中...
2023-12-30 18:34:59.483 [main] INFO  [code.DictionaryHandle.handle:36] - 需要处理 130 条数据...
2023-12-30 18:34:59.528 [main] INFO  [code.DictionaryHandle.handle:33] - 处理中...
2023-12-30 18:34:59.554 [main] INFO  [code.DictionaryHandle.handle:36] - 需要处理 12197 条数据...
2023-12-30 18:34:59.556 [main] INFO  [code.DictionaryHandle.handle:33] - 处理中...
2023-12-30 18:34:59.557 [main] INFO  [code.DictionaryHandle.handle:36] - 需要处理 266 条数据...
2023-12-30 18:34:59.570 [main] INFO  [code.DictionaryHandle.handle:33] - 处理中...
2023-12-30 18:34:59.576 [main] INFO  [code.DictionaryHandle.handle:36] - 需要处理 3254 条数据...
2023-12-30 18:34:59.584 [main] INFO  [code.DictionaryHandle.handle:33] - 处理中...
2023-12-30 18:34:59.586 [main] INFO  [code.DictionaryHandle.handle:36] - 需要处理 1341 条数据...
2023-12-30 18:34:59.588 [main] INFO  [code.DictionaryHandle.handle:33] - 处理中...
2023-12-30 18:34:59.589 [main] INFO  [code.DictionaryHandle.handle:36] - 需要处理 299 条数据...
2023-12-30 18:34:59.592 [main] INFO  [code.DictionaryHandle.handle:33] - 处理中...
2023-12-30 18:34:59.593 [main] INFO  [code.DictionaryHandle.handle:36] - 需要处理 595 条数据...
2023-12-30 18:34:59.617 [main] INFO  [code.DictionaryHandle.handle:33] - 处理中...
2023-12-30 18:34:59.625 [main] INFO  [code.DictionaryHandle.handle:36] - 需要处理 6515 条数据...
2023-12-30 18:34:59.644 [main] INFO  [code.DictionaryHandle.handle:33] - 处理中...
2023-12-30 18:34:59.653 [main] INFO  [code.DictionaryHandle.handle:36] - 需要处理 4533 条数据...
2023-12-30 18:34:59.663 [main] INFO  [code.DictionaryHandle.handle:33] - 处理中...
2023-12-30 18:34:59.666 [main] INFO  [code.DictionaryHandle.handle:36] - 需要处理 1162 条数据...
2023-12-30 18:34:59.668 [main] INFO  [code.DictionaryHandle.handle:33] - 处理中...
2023-12-30 18:34:59.669 [main] INFO  [code.DictionaryHandle.handle:36] - 需要处理 311 条数据...
2023-12-30 18:34:59.678 [main] INFO  [code.DictionaryHandle.handle:33] - 处理中...
2023-12-30 18:34:59.682 [main] INFO  [code.DictionaryHandle.handle:36] - 需要处理 1803 条数据...
2023-12-30 18:34:59.698 [main] INFO  [code.DictionaryHandle.handle:33] - 处理中...
2023-12-30 18:34:59.704 [main] INFO  [code.DictionaryHandle.handle:36] - 需要处理 4025 条数据...
2023-12-30 18:34:59.723 [main] INFO  [code.DictionaryHandle.handle:33] - 处理中...
2023-12-30 18:34:59.730 [main] INFO  [code.DictionaryHandle.handle:36] - 需要处理 3668 条数据...
2023-12-30 18:34:59.740 [main] INFO  [code.DictionaryHandle.handle:33] - 处理中...
2023-12-30 18:34:59.743 [main] INFO  [code.DictionaryHandle.handle:36] - 需要处理 1341 条数据...
2023-12-30 18:34:59.745 [main] INFO  [code.DictionaryHandle.handle:33] - 处理中...
2023-12-30 18:34:59.745 [main] INFO  [code.DictionaryHandle.handle:36] - 需要处理 319 条数据...
2023-12-30 18:34:59.762 [main] INFO  [code.DictionaryHandle.handle:33] - 处理中...
2023-12-30 18:34:59.769 [main] INFO  [code.DictionaryHandle.handle:36] - 需要处理 4264 条数据...
2023-12-30 18:34:59.799 [main] INFO  [code.DictionaryHandle.handle:33] - 处理中...
2023-12-30 18:34:59.808 [main] INFO  [code.DictionaryHandle.handle:36] - 需要处理 3739 条数据...
2023-12-30 18:34:59.809 [main] INFO  [code.DictionaryHandle.handle:33] - 处理中...
2023-12-30 18:34:59.809 [main] INFO  [code.DictionaryHandle.handle:36] - 需要处理 64 条数据...
2023-12-30 18:34:59.812 [main] INFO  [code.DictionaryHandle.handle:33] - 处理中...
2023-12-30 18:34:59.813 [main] INFO  [code.DictionaryHandle.handle:36] - 需要处理 595 条数据...
2023-12-30 18:34:59.814 [main] INFO  [code.DictionaryHandle.handle:33] - 处理中...
2023-12-30 18:34:59.815 [main] INFO  [code.DictionaryHandle.handle:36] - 需要处理 309 条数据...
2023-12-30 18:34:59.838 [main] INFO  [code.DictionaryHandle.handle:33] - 处理中...
2023-12-30 18:34:59.846 [main] INFO  [code.DictionaryHandle.handle:36] - 需要处理 3739 条数据...
2023-12-30 18:34:59.848 [main] INFO  [code.DictionaryHandle.handle:33] - 处理中...
2023-12-30 18:34:59.849 [main] INFO  [code.DictionaryHandle.handle:36] - 需要处理 271 条数据...
2023-12-30 18:34:59.851 [main] INFO  [code.DictionaryHandle.handle:33] - 处理中...
2023-12-30 18:34:59.853 [main] INFO  [code.DictionaryHandle.handle:36] - 需要处理 684 条数据...
2023-12-30 18:34:59.854 [main] INFO  [code.DictionaryHandle.handle:33] - 处理中...
2023-12-30 18:34:59.854 [main] INFO  [code.DictionaryHandle.handle:36] - 需要处理 108 条数据...
2023-12-30 18:34:59.866 [main] INFO  [code.DictionaryHandle.handle:33] - 处理中...
2023-12-30 18:34:59.871 [main] INFO  [code.DictionaryHandle.handle:36] - 需要处理 2345 条数据...
2023-12-30 18:34:59.884 [main] INFO  [code.DictionaryHandle.handle:33] - 处理中...
2023-12-30 18:34:59.889 [main] INFO  [code.DictionaryHandle.handle:36] - 需要处理 2825 条数据...
2023-12-30 18:34:59.891 [main] INFO  [code.DictionaryHandle.handle:33] - 处理中...
2023-12-30 18:34:59.891 [main] INFO  [code.DictionaryHandle.handle:36] - 需要处理 104 条数据...
2023-12-30 18:34:59.905 [main] INFO  [code.DictionaryHandle.handle:33] - 处理中...
2023-12-30 18:34:59.910 [main] INFO  [code.DictionaryHandle.handle:36] - 需要处理 2753 条数据...
2023-12-30 18:34:59.912 [main] INFO  [code.DictionaryHandle.handle:33] - 处理中...
2023-12-30 18:34:59.912 [main] INFO  [code.DictionaryHandle.handle:36] - 需要处理 128 条数据...
2023-12-30 18:34:59.922 [main] INFO  [code.DictionaryHandle.handle:33] - 处理中...
2023-12-30 18:34:59.927 [main] INFO  [code.DictionaryHandle.handle:36] - 需要处理 2078 条数据...
2023-12-30 18:34:59.931 [main] INFO  [code.DictionaryHandle.handle:33] - 处理中...
2023-12-30 18:34:59.932 [main] INFO  [code.DictionaryHandle.handle:36] - 需要处理 334 条数据...
2023-12-30 18:34:59.950 [main] INFO  [code.DictionaryHandle.handle:33] - 处理中...
2023-12-30 18:34:59.956 [main] INFO  [code.DictionaryHandle.handle:36] - 需要处理 2607 条数据...
2023-12-30 18:34:59.957 [main] INFO  [code.DictionaryHandle.handle:33] - 处理中...
2023-12-30 18:34:59.958 [main] INFO  [code.DictionaryHandle.handle:36] - 需要处理 361 条数据...
2023-12-30 18:34:59.961 [main] INFO  [code.DictionaryHandle.handle:33] - 处理中...
2023-12-30 18:34:59.961 [main] INFO  [code.DictionaryHandle.handle:36] - 需要处理 466 条数据...
2023-12-30 18:34:59.964 [main] INFO  [code.DictionaryHandle.handle:33] - 处理中...
2023-12-30 18:34:59.964 [main] INFO  [code.DictionaryHandle.handle:36] - 需要处理 366 条数据...
2023-12-30 18:34:59.996 [main] INFO  [code.DictionaryHandle.handle:33] - 处理中...
2023-12-30 18:35:00.010 [main] INFO  [code.DictionaryHandle.handle:36] - 需要处理 9213 条数据...
2023-12-30 18:35:00.018 [main] INFO  [code.DictionaryHandle.handle:33] - 处理中...
2023-12-30 18:35:00.021 [main] INFO  [code.DictionaryHandle.handle:36] - 需要处理 1420 条数据...
2023-12-30 18:35:00.031 [main] INFO  [code.DictionaryHandle.handle:33] - 处理中...
2023-12-30 18:35:00.031 [main] INFO  [code.DictionaryHandle.handle:36] - 需要处理 420 条数据...
2023-12-30 18:35:00.033 [main] INFO  [code.DictionaryHandle.handle:33] - 处理中...
2023-12-30 18:35:00.034 [main] INFO  [code.DictionaryHandle.handle:36] - 需要处理 330 条数据...
2023-12-30 18:35:00.035 [main] INFO  [code.DictionaryHandle.handle:33] - 处理中...
2023-12-30 18:35:00.035 [main] INFO  [code.DictionaryHandle.handle:36] - 需要处理 131 条数据...
2023-12-30 18:35:00.038 [main] INFO  [code.DictionaryHandle.handle:33] - 处理中...
2023-12-30 18:35:00.039 [main] INFO  [code.DictionaryHandle.handle:36] - 需要处理 629 条数据...
2023-12-30 18:35:00.042 [main] INFO  [code.DictionaryHandle.handle:33] - 处理中...
2023-12-30 18:35:00.043 [main] INFO  [code.DictionaryHandle.handle:36] - 需要处理 551 条数据...
2023-12-30 18:35:00.058 [main] INFO  [code.DictionaryHandle.handle:33] - 处理中...
2023-12-30 18:35:00.064 [main] INFO  [code.DictionaryHandle.handle:36] - 需要处理 3254 条数据...
2023-12-30 18:35:00.066 [main] INFO  [code.DictionaryHandle.handle:33] - 处理中...
2023-12-30 18:35:00.067 [main] INFO  [code.DictionaryHandle.handle:36] - 需要处理 307 条数据...
2023-12-30 18:35:00.080 [main] INFO  [code.DictionaryHandle.handle:33] - 处理中...
2023-12-30 18:35:00.085 [main] INFO  [code.DictionaryHandle.handle:36] - 需要处理 3427 条数据...
2023-12-30 18:35:00.101 [main] INFO  [code.DictionaryHandle.handle:33] - 处理中...
2023-12-30 18:35:00.107 [main] INFO  [code.DictionaryHandle.handle:36] - 需要处理 3575 条数据...
2023-12-30 18:35:00.110 [main] INFO  [code.DictionaryHandle.handle:33] - 处理中...
2023-12-30 18:35:00.111 [main] INFO  [code.DictionaryHandle.handle:36] - 需要处理 357 条数据...
2023-12-30 18:35:00.124 [main] INFO  [code.DictionaryHandle.handle:33] - 处理中...
2023-12-30 18:35:00.129 [main] INFO  [code.DictionaryHandle.handle:36] - 需要处理 3047 条数据...
2023-12-30 18:35:00.131 [main] INFO  [code.DictionaryHandle.handle:33] - 处理中...
2023-12-30 18:35:00.132 [main] INFO  [code.DictionaryHandle.handle:36] - 需要处理 392 条数据...
2023-12-30 18:35:00.145 [main] INFO  [code.DictionaryHandle.handle:33] - 处理中...
2023-12-30 18:35:00.151 [main] INFO  [code.DictionaryHandle.handle:36] - 需要处理 3427 条数据...
2023-12-30 18:35:00.153 [main] INFO  [code.DictionaryHandle.handle:33] - 处理中...
2023-12-30 18:35:00.153 [main] INFO  [code.DictionaryHandle.handle:36] - 需要处理 267 条数据...
2023-12-30 18:35:00.155 [main] INFO  [code.DictionaryHandle.handle:33] - 处理中...
2023-12-30 18:35:00.155 [main] INFO  [code.DictionaryHandle.handle:36] - 需要处理 352 条数据...
2023-12-30 18:35:00.157 [main] INFO  [code.DictionaryHandle.handle:33] - 处理中...
2023-12-30 18:35:00.157 [main] INFO  [code.DictionaryHandle.handle:36] - 需要处理 226 条数据...
2023-12-30 18:36:47.937 [main] INFO  [code.config.Config.<clinit>:43] - /Users/kylelin1998/project/telegram-bot/random-dictionary-bot
/Users/kylelin1998/project/telegram-bot/random-dictionary-bot/config
/Users/kylelin1998/project/telegram-bot/random-dictionary-bot/config/config.yaml
2023-12-30 18:36:48.063 [main] INFO  [code.DictionaryHandle.handle:38] - 处理中...
2023-12-30 18:39:05.796 [main] INFO  [code.DictionaryHandle.handle:41] - 需要处理 320 条数据...
2023-12-30 18:39:05.857 [main] INFO  [code.DictionaryHandle.handle:38] - 处理中...
2023-12-30 18:39:05.868 [main] INFO  [code.DictionaryHandle.handle:41] - 需要处理 2340 条数据...
2023-12-30 18:39:05.873 [main] INFO  [code.DictionaryHandle.handle:38] - 处理中...
2023-12-30 18:39:05.874 [main] INFO  [code.DictionaryHandle.handle:41] - 需要处理 244 条数据...
2023-12-30 18:39:05.905 [main] INFO  [code.DictionaryHandle.handle:38] - 处理中...
2023-12-30 18:39:05.917 [main] INFO  [code.DictionaryHandle.handle:41] - 需要处理 4464 条数据...
2023-12-30 18:39:05.953 [main] INFO  [code.DictionaryHandle.handle:38] - 处理中...
2023-12-30 18:39:05.957 [main] INFO  [code.DictionaryHandle.handle:41] - 需要处理 391 条数据...
2023-12-30 18:39:05.962 [main] INFO  [code.DictionaryHandle.handle:38] - 处理中...
2023-12-30 18:39:05.965 [main] INFO  [code.DictionaryHandle.handle:41] - 需要处理 492 条数据...
2023-12-30 18:50:17.519 [main] INFO  [code.config.Config.<clinit>:43] - /Users/kylelin1998/project/telegram-bot/random-dictionary-bot
/Users/kylelin1998/project/telegram-bot/random-dictionary-bot/config
/Users/kylelin1998/project/telegram-bot/random-dictionary-bot/config/config.yaml
2023-12-30 18:50:17.641 [main] INFO  [code.DictionaryHandle.handle:43] - 处理中...
2023-12-30 18:50:17.652 [main] INFO  [code.DictionaryHandle.handle:46] - 需要处理 320 条数据...
2023-12-30 18:50:53.897 [main] INFO  [code.DictionaryHandle.handle:43] - 处理中...
2023-12-30 18:50:56.592 [main] INFO  [code.config.Config.<clinit>:43] - /Users/kylelin1998/project/telegram-bot/random-dictionary-bot
/Users/kylelin1998/project/telegram-bot/random-dictionary-bot/config
/Users/kylelin1998/project/telegram-bot/random-dictionary-bot/config/config.yaml
2023-12-30 18:50:56.723 [main] INFO  [code.DictionaryHandle.handle:43] - 处理中...
2023-12-30 18:50:56.734 [main] INFO  [code.DictionaryHandle.handle:46] - 需要处理 320 条数据...
2023-12-30 18:55:36.663 [main] INFO  [code.config.Config.<clinit>:43] - /Users/kylelin1998/project/telegram-bot/random-dictionary-bot
/Users/kylelin1998/project/telegram-bot/random-dictionary-bot/config
/Users/kylelin1998/project/telegram-bot/random-dictionary-bot/config/config.yaml
2023-12-30 18:55:36.805 [main] INFO  [code.DictionaryHandle.handle:43] - 处理中...
2023-12-30 18:55:36.818 [main] INFO  [code.DictionaryHandle.handle:46] - 需要处理 320 条数据...
2023-12-30 18:58:42.586 [main] INFO  [code.config.Config.<clinit>:43] - /Users/kylelin1998/project/telegram-bot/random-dictionary-bot
/Users/kylelin1998/project/telegram-bot/random-dictionary-bot/config
/Users/kylelin1998/project/telegram-bot/random-dictionary-bot/config/config.yaml
2023-12-30 18:58:42.710 [main] INFO  [code.DictionaryHandle.handle:43] - 处理中...
2023-12-30 18:58:42.722 [main] INFO  [code.DictionaryHandle.handle:46] - 需要处理 320 条数据...
2023-12-30 19:00:18.677 [main] INFO  [code.config.Config.<clinit>:43] - /Users/kylelin1998/project/telegram-bot/random-dictionary-bot
/Users/kylelin1998/project/telegram-bot/random-dictionary-bot/config
/Users/kylelin1998/project/telegram-bot/random-dictionary-bot/config/config.yaml
2023-12-30 19:00:18.816 [main] INFO  [code.DictionaryHandle.handle:43] - 处理中...
2023-12-30 19:00:18.826 [main] INFO  [code.DictionaryHandle.handle:46] - 需要处理 320 条数据...
2023-12-30 19:01:25.481 [main] INFO  [code.config.Config.<clinit>:43] - /Users/kylelin1998/project/telegram-bot/random-dictionary-bot
/Users/kylelin1998/project/telegram-bot/random-dictionary-bot/config
/Users/kylelin1998/project/telegram-bot/random-dictionary-bot/config/config.yaml
2023-12-30 19:01:25.649 [main] INFO  [code.DictionaryHandle.handle:43] - 处理中...
2023-12-30 19:01:25.666 [main] INFO  [code.DictionaryHandle.handle:46] - 需要处理 320 条数据...
2023-12-30 19:01:59.262 [main] INFO  [code.config.Config.<clinit>:43] - /Users/kylelin1998/project/telegram-bot/random-dictionary-bot
/Users/kylelin1998/project/telegram-bot/random-dictionary-bot/config
/Users/kylelin1998/project/telegram-bot/random-dictionary-bot/config/config.yaml
2023-12-30 19:01:59.384 [main] INFO  [code.DictionaryHandle.handle:43] - 处理中...
2023-12-30 19:01:59.395 [main] INFO  [code.DictionaryHandle.handle:46] - 需要处理 320 条数据...
2023-12-30 19:02:45.519 [main] INFO  [code.config.Config.<clinit>:43] - /Users/kylelin1998/project/telegram-bot/random-dictionary-bot
/Users/kylelin1998/project/telegram-bot/random-dictionary-bot/config
/Users/kylelin1998/project/telegram-bot/random-dictionary-bot/config/config.yaml
2023-12-30 19:02:45.647 [main] INFO  [code.DictionaryHandle.handle:43] - 处理中...
2023-12-30 19:02:45.658 [main] INFO  [code.DictionaryHandle.handle:46] - 需要处理 320 条数据...
2023-12-30 19:02:55.621 [main] INFO  [code.DictionaryHandle.handle:43] - 处理中...
2023-12-30 19:02:55.628 [main] INFO  [code.DictionaryHandle.handle:46] - 需要处理 2340 条数据...
2023-12-30 19:02:57.200 [main] INFO  [code.DictionaryHandle.handle:43] - 处理中...
2023-12-30 19:02:57.201 [main] INFO  [code.DictionaryHandle.handle:46] - 需要处理 244 条数据...
2023-12-30 19:02:57.414 [main] INFO  [code.DictionaryHandle.handle:43] - 处理中...
2023-12-30 19:02:57.424 [main] INFO  [code.DictionaryHandle.handle:46] - 需要处理 4464 条数据...
2023-12-30 19:05:59.337 [main] INFO  [code.config.Config.<clinit>:43] - /Users/kylelin1998/project/telegram-bot/random-dictionary-bot
/Users/kylelin1998/project/telegram-bot/random-dictionary-bot/config
/Users/kylelin1998/project/telegram-bot/random-dictionary-bot/config/config.yaml
2023-12-30 19:05:59.437 [main] INFO  [code.DictionaryHandle.handle:43] - 处理中...
2023-12-30 19:05:59.447 [main] INFO  [code.DictionaryHandle.handle:46] - 需要处理 320 条数据...
2023-12-30 19:06:45.950 [main] INFO  [code.DictionaryHandle.handle:57] - 处理完毕
2023-12-30 19:06:45.997 [main] INFO  [code.DictionaryHandle.handle:43] - 处理中...
2023-12-30 19:06:46.008 [main] INFO  [code.DictionaryHandle.handle:46] - 需要处理 2340 条数据...
2023-12-30 19:06:48.194 [main] INFO  [code.config.Config.<clinit>:43] - /Users/kylelin1998/project/telegram-bot/random-dictionary-bot
/Users/kylelin1998/project/telegram-bot/random-dictionary-bot/config
/Users/kylelin1998/project/telegram-bot/random-dictionary-bot/config/config.yaml
2023-12-30 19:06:48.312 [main] INFO  [code.DictionaryHandle.handle:43] - 处理中...
2023-12-30 19:06:48.322 [main] INFO  [code.DictionaryHandle.handle:46] - 需要处理 320 条数据...
2023-12-30 19:14:23.457 [main] INFO  [code.config.Config.<clinit>:43] - /Users/kylelin1998/project/telegram-bot/random-dictionary-bot
/Users/kylelin1998/project/telegram-bot/random-dictionary-bot/config
/Users/kylelin1998/project/telegram-bot/random-dictionary-bot/config/config.yaml
2023-12-30 19:14:23.568 [main] INFO  [code.DictionaryHandle.handle:43] - 处理中...
2023-12-30 19:14:23.578 [main] INFO  [code.DictionaryHandle.handle:46] - 需要处理 320 条数据...
2023-12-30 19:18:31.882 [main] INFO  [code.DictionaryHandle.handle:57] - 处理完毕
2023-12-30 19:18:31.928 [main] INFO  [code.DictionaryHandle.handle:43] - 处理中...
2023-12-30 19:18:31.934 [main] INFO  [code.DictionaryHandle.handle:46] - 需要处理 2340 条数据...
2023-12-30 19:18:50.417 [main] INFO  [code.config.Config.<clinit>:43] - /Users/kylelin1998/project/telegram-bot/random-dictionary-bot
/Users/kylelin1998/project/telegram-bot/random-dictionary-bot/config
/Users/kylelin1998/project/telegram-bot/random-dictionary-bot/config/config.yaml
2023-12-30 19:18:50.523 [main] INFO  [code.DictionaryHandle.handle:43] - 处理中...
2023-12-30 19:18:50.533 [main] INFO  [code.DictionaryHandle.handle:46] - 需要处理 320 条数据...
2023-12-30 19:18:53.426 [main] INFO  [code.DictionaryHandle.handle:57] - 处理完毕
2023-12-30 19:18:53.470 [main] INFO  [code.DictionaryHandle.handle:43] - 处理中...
2023-12-30 19:18:53.476 [main] INFO  [code.DictionaryHandle.handle:46] - 需要处理 2340 条数据...
2023-12-30 19:18:54.962 [main] INFO  [code.DictionaryHandle.handle:57] - 处理完毕
2023-12-30 19:18:54.964 [main] INFO  [code.DictionaryHandle.handle:43] - 处理中...
2023-12-30 19:18:54.965 [main] INFO  [code.DictionaryHandle.handle:46] - 需要处理 244 条数据...
2023-12-30 19:18:55.161 [main] INFO  [code.DictionaryHandle.handle:57] - 处理完毕
2023-12-30 19:18:55.181 [main] INFO  [code.DictionaryHandle.handle:43] - 处理中...
2023-12-30 19:18:55.188 [main] INFO  [code.DictionaryHandle.handle:46] - 需要处理 4464 条数据...
2023-12-30 19:18:59.657 [main] INFO  [code.DictionaryHandle.handle:57] - 处理完毕
2023-12-30 19:18:59.660 [main] INFO  [code.DictionaryHandle.handle:43] - 处理中...
2023-12-30 19:18:59.661 [main] INFO  [code.DictionaryHandle.handle:46] - 需要处理 391 条数据...
2023-12-30 19:19:00.153 [main] INFO  [code.DictionaryHandle.handle:57] - 处理完毕
2023-12-30 19:19:00.156 [main] INFO  [code.DictionaryHandle.handle:43] - 处理中...
2023-12-30 19:19:00.157 [main] INFO  [code.DictionaryHandle.handle:46] - 需要处理 492 条数据...
2023-12-30 19:19:00.797 [main] INFO  [code.DictionaryHandle.handle:57] - 处理完毕
2023-12-30 19:19:00.806 [main] INFO  [code.DictionaryHandle.handle:43] - 处理中...
2023-12-30 19:19:00.809 [main] INFO  [code.DictionaryHandle.handle:46] - 需要处理 1420 条数据...
2023-12-30 19:19:02.790 [main] INFO  [code.DictionaryHandle.handle:57] - 处理完毕
2023-12-30 19:19:02.792 [main] INFO  [code.DictionaryHandle.handle:43] - 处理中...
2023-12-30 19:19:02.793 [main] INFO  [code.DictionaryHandle.handle:46] - 需要处理 384 条数据...
2023-12-30 19:19:03.381 [main] INFO  [code.DictionaryHandle.handle:57] - 处理完毕
2023-12-30 19:19:03.397 [main] INFO  [code.DictionaryHandle.handle:43] - 处理中...
2023-12-30 19:19:03.403 [main] INFO  [code.DictionaryHandle.handle:46] - 需要处理 4423 条数据...
2023-12-30 19:19:11.233 [main] INFO  [code.DictionaryHandle.handle:57] - 处理完毕
2023-12-30 19:19:11.239 [main] INFO  [code.DictionaryHandle.handle:43] - 处理中...
2023-12-30 19:19:11.241 [main] INFO  [code.DictionaryHandle.handle:46] - 需要处理 1228 条数据...
2023-12-30 19:19:13.757 [main] INFO  [code.DictionaryHandle.handle:57] - 处理完毕
2023-12-30 19:19:13.759 [main] INFO  [code.DictionaryHandle.handle:43] - 处理中...
2023-12-30 19:19:13.759 [main] INFO  [code.DictionaryHandle.handle:46] - 需要处理 295 条数据...
2023-12-30 19:19:14.396 [main] INFO  [code.DictionaryHandle.handle:57] - 处理完毕
2023-12-30 19:19:14.438 [main] INFO  [code.DictionaryHandle.handle:43] - 处理中...
2023-12-30 19:19:14.460 [main] INFO  [code.DictionaryHandle.handle:46] - 需要处理 12197 条数据...
2023-12-30 19:19:50.941 [main] INFO  [code.DictionaryHandle.handle:57] - 处理完毕
2023-12-30 19:19:50.958 [main] INFO  [code.DictionaryHandle.handle:43] - 处理中...
2023-12-30 19:19:50.965 [main] INFO  [code.DictionaryHandle.handle:46] - 需要处理 3668 条数据...
2023-12-30 19:20:06.167 [main] INFO  [code.DictionaryHandle.handle:57] - 处理完毕
2023-12-30 19:20:06.169 [main] INFO  [code.DictionaryHandle.handle:43] - 处理中...
2023-12-30 19:20:06.170 [main] INFO  [code.DictionaryHandle.handle:46] - 需要处理 156 条数据...
2023-12-30 19:20:06.909 [main] INFO  [code.DictionaryHandle.handle:57] - 处理完毕
2023-12-30 19:20:06.912 [main] INFO  [code.DictionaryHandle.handle:43] - 处理中...
2023-12-30 19:20:06.913 [main] INFO  [code.DictionaryHandle.handle:46] - 需要处理 438 条数据...
2023-12-30 19:20:08.872 [main] INFO  [code.DictionaryHandle.handle:57] - 处理完毕
2023-12-30 19:20:08.875 [main] INFO  [code.DictionaryHandle.handle:43] - 处理中...
2023-12-30 19:20:08.876 [main] INFO  [code.DictionaryHandle.handle:46] - 需要处理 419 条数据...
2023-12-30 19:20:10.791 [main] INFO  [code.DictionaryHandle.handle:57] - 处理完毕
2023-12-30 19:20:10.808 [main] INFO  [code.DictionaryHandle.handle:43] - 处理中...
2023-12-30 19:20:10.815 [main] INFO  [code.DictionaryHandle.handle:46] - 需要处理 3728 条数据...
2023-12-30 19:20:27.773 [main] INFO  [code.DictionaryHandle.handle:57] - 处理完毕
2023-12-30 19:20:27.798 [main] INFO  [code.DictionaryHandle.handle:43] - 处理中...
2023-12-30 19:20:27.806 [main] INFO  [code.DictionaryHandle.handle:46] - 需要处理 7199 条数据...
2023-12-30 19:21:04.869 [main] INFO  [code.DictionaryHandle.handle:57] - 处理完毕
2023-12-30 19:21:04.871 [main] INFO  [code.DictionaryHandle.handle:43] - 处理中...
2023-12-30 19:21:04.872 [main] INFO  [code.DictionaryHandle.handle:46] - 需要处理 364 条数据...
2023-12-30 19:21:06.942 [main] INFO  [code.DictionaryHandle.handle:57] - 处理完毕
2023-12-30 19:21:06.943 [main] INFO  [code.DictionaryHandle.handle:43] - 处理中...
2023-12-30 19:21:06.944 [main] INFO  [code.DictionaryHandle.handle:46] - 需要处理 84 条数据...
2023-12-30 19:21:07.435 [main] INFO  [code.DictionaryHandle.handle:57] - 处理完毕
2023-12-30 19:21:07.438 [main] INFO  [code.DictionaryHandle.handle:43] - 处理中...
2023-12-30 19:21:07.438 [main] INFO  [code.DictionaryHandle.handle:46] - 需要处理 381 条数据...
2023-12-30 19:21:09.753 [main] INFO  [code.DictionaryHandle.handle:57] - 处理完毕
2023-12-30 19:21:09.772 [main] INFO  [code.DictionaryHandle.handle:43] - 处理中...
2023-12-30 19:21:09.776 [main] INFO  [code.DictionaryHandle.handle:46] - 需要处理 1228 条数据...
2023-12-30 19:21:17.534 [main] INFO  [code.DictionaryHandle.handle:57] - 处理完毕
2023-12-30 19:21:17.537 [main] INFO  [code.DictionaryHandle.handle:43] - 处理中...
2023-12-30 19:21:17.537 [main] INFO  [code.DictionaryHandle.handle:46] - 需要处理 336 条数据...
2023-12-30 19:21:19.847 [main] INFO  [code.DictionaryHandle.handle:57] - 处理完毕
2023-12-30 19:21:19.876 [main] INFO  [code.DictionaryHandle.handle:43] - 处理中...
2023-12-30 19:21:19.882 [main] INFO  [code.DictionaryHandle.handle:46] - 需要处理 4025 条数据...
2023-12-30 19:21:44.722 [main] INFO  [code.DictionaryHandle.handle:57] - 处理完毕
2023-12-30 19:21:44.723 [main] INFO  [code.DictionaryHandle.handle:43] - 处理中...
2023-12-30 19:21:44.724 [main] INFO  [code.DictionaryHandle.handle:46] - 需要处理 72 条数据...
2023-12-30 19:21:45.209 [main] INFO  [code.DictionaryHandle.handle:57] - 处理完毕
2023-12-30 19:21:45.215 [main] INFO  [code.DictionaryHandle.handle:43] - 处理中...
2023-12-30 19:21:45.217 [main] INFO  [code.DictionaryHandle.handle:46] - 需要处理 1162 条数据...
2023-12-30 19:21:53.717 [main] INFO  [code.DictionaryHandle.handle:57] - 处理完毕
2023-12-30 19:21:53.721 [main] INFO  [code.DictionaryHandle.handle:43] - 处理中...
2023-12-30 19:21:53.722 [main] INFO  [code.DictionaryHandle.handle:46] - 需要处理 327 条数据...
2023-12-30 19:21:55.913 [main] INFO  [code.DictionaryHandle.handle:57] - 处理完毕
2023-12-30 19:21:55.915 [main] INFO  [code.DictionaryHandle.handle:43] - 处理中...
2023-12-30 19:21:55.915 [main] INFO  [code.DictionaryHandle.handle:46] - 需要处理 130 条数据...
2023-12-30 19:21:56.809 [main] INFO  [code.DictionaryHandle.handle:57] - 处理完毕
2023-12-30 19:21:56.851 [main] INFO  [code.DictionaryHandle.handle:43] - 处理中...
2023-12-30 19:21:56.870 [main] INFO  [code.DictionaryHandle.handle:46] - 需要处理 12197 条数据...
2023-12-30 19:23:27.547 [main] INFO  [code.DictionaryHandle.handle:57] - 处理完毕
2023-12-30 19:23:27.550 [main] INFO  [code.DictionaryHandle.handle:43] - 处理中...
2023-12-30 19:23:27.551 [main] INFO  [code.DictionaryHandle.handle:46] - 需要处理 266 条数据...
2023-12-30 19:23:29.709 [main] INFO  [code.DictionaryHandle.handle:57] - 处理完毕
2023-12-30 19:23:29.722 [main] INFO  [code.DictionaryHandle.handle:43] - 处理中...
2023-12-30 19:23:29.727 [main] INFO  [code.DictionaryHandle.handle:46] - 需要处理 3254 条数据...
2023-12-30 19:23:57.553 [main] INFO  [code.DictionaryHandle.handle:57] - 处理完毕
2023-12-30 19:23:57.564 [main] INFO  [code.DictionaryHandle.handle:43] - 处理中...
2023-12-30 19:23:57.568 [main] INFO  [code.DictionaryHandle.handle:46] - 需要处理 1341 条数据...
2023-12-30 19:24:09.677 [main] INFO  [code.DictionaryHandle.handle:57] - 处理完毕
2023-12-30 19:24:09.679 [main] INFO  [code.DictionaryHandle.handle:43] - 处理中...
2023-12-30 19:24:09.680 [main] INFO  [code.DictionaryHandle.handle:46] - 需要处理 299 条数据...
2023-12-30 19:24:12.303 [main] INFO  [code.DictionaryHandle.handle:57] - 处理完毕
2023-12-30 19:24:12.307 [main] INFO  [code.DictionaryHandle.handle:43] - 处理中...
2023-12-30 19:24:12.308 [main] INFO  [code.DictionaryHandle.handle:46] - 需要处理 595 条数据...
2023-12-30 19:24:17.663 [main] INFO  [code.DictionaryHandle.handle:57] - 处理完毕
2023-12-30 19:24:17.688 [main] INFO  [code.DictionaryHandle.handle:43] - 处理中...
2023-12-30 19:24:17.698 [main] INFO  [code.DictionaryHandle.handle:46] - 需要处理 6515 条数据...
2023-12-30 19:25:18.692 [main] INFO  [code.DictionaryHandle.handle:57] - 处理完毕
2023-12-30 19:25:18.717 [main] INFO  [code.DictionaryHandle.handle:43] - 处理中...
2023-12-30 19:25:18.725 [main] INFO  [code.DictionaryHandle.handle:46] - 需要处理 4533 条数据...
2023-12-30 19:26:04.109 [main] INFO  [code.DictionaryHandle.handle:57] - 处理完毕
2023-12-30 19:26:04.135 [main] INFO  [code.DictionaryHandle.handle:43] - 处理中...
2023-12-30 19:26:04.138 [main] INFO  [code.DictionaryHandle.handle:46] - 需要处理 1162 条数据...
2023-12-30 19:26:17.249 [main] INFO  [code.DictionaryHandle.handle:57] - 处理完毕
2023-12-30 19:26:17.252 [main] INFO  [code.DictionaryHandle.handle:43] - 处理中...
2023-12-30 19:26:17.253 [main] INFO  [code.DictionaryHandle.handle:46] - 需要处理 311 条数据...
2023-12-30 19:26:20.620 [main] INFO  [code.DictionaryHandle.handle:57] - 处理完毕
2023-12-30 19:26:20.631 [main] INFO  [code.DictionaryHandle.handle:43] - 处理中...
2023-12-30 19:26:20.636 [main] INFO  [code.DictionaryHandle.handle:46] - 需要处理 1803 条数据...
2023-12-30 19:26:40.627 [main] INFO  [code.DictionaryHandle.handle:57] - 处理完毕
2023-12-30 19:26:40.645 [main] INFO  [code.DictionaryHandle.handle:43] - 处理中...
2023-12-30 19:26:40.653 [main] INFO  [code.DictionaryHandle.handle:46] - 需要处理 4025 条数据...
2023-12-30 19:27:24.118 [main] INFO  [code.DictionaryHandle.handle:57] - 处理完毕
2023-12-30 19:27:24.137 [main] INFO  [code.DictionaryHandle.handle:43] - 处理中...
2023-12-30 19:27:24.144 [main] INFO  [code.DictionaryHandle.handle:46] - 需要处理 3668 条数据...
2023-12-30 19:28:06.515 [main] INFO  [code.DictionaryHandle.handle:57] - 处理完毕
2023-12-30 19:28:06.523 [main] INFO  [code.DictionaryHandle.handle:43] - 处理中...
2023-12-30 19:28:06.525 [main] INFO  [code.DictionaryHandle.handle:46] - 需要处理 1341 条数据...
2023-12-30 19:28:24.208 [main] INFO  [code.DictionaryHandle.handle:57] - 处理完毕
2023-12-30 19:28:24.211 [main] INFO  [code.DictionaryHandle.handle:43] - 处理中...
2023-12-30 19:28:24.212 [main] INFO  [code.DictionaryHandle.handle:46] - 需要处理 319 条数据...
2023-12-30 19:28:28.004 [main] INFO  [code.DictionaryHandle.handle:57] - 处理完毕
2023-12-30 19:28:28.026 [main] INFO  [code.DictionaryHandle.handle:43] - 处理中...
2023-12-30 19:28:28.035 [main] INFO  [code.DictionaryHandle.handle:46] - 需要处理 4264 条数据...
2023-12-30 19:29:20.927 [main] INFO  [code.DictionaryHandle.handle:57] - 处理完毕
2023-12-30 19:29:20.951 [main] INFO  [code.DictionaryHandle.handle:43] - 处理中...
2023-12-30 19:29:20.960 [main] INFO  [code.DictionaryHandle.handle:46] - 需要处理 3739 条数据...
2023-12-30 19:30:11.081 [main] INFO  [code.DictionaryHandle.handle:57] - 处理完毕
2023-12-30 19:30:11.084 [main] INFO  [code.DictionaryHandle.handle:43] - 处理中...
2023-12-30 19:30:11.085 [main] INFO  [code.DictionaryHandle.handle:46] - 需要处理 64 条数据...
2023-12-30 19:30:12.108 [main] INFO  [code.DictionaryHandle.handle:57] - 处理完毕
2023-12-30 19:30:12.112 [main] INFO  [code.DictionaryHandle.handle:43] - 处理中...
2023-12-30 19:30:12.113 [main] INFO  [code.DictionaryHandle.handle:46] - 需要处理 595 条数据...
2023-12-30 19:30:21.069 [main] INFO  [code.DictionaryHandle.handle:57] - 处理完毕
2023-12-30 19:30:21.072 [main] INFO  [code.DictionaryHandle.handle:43] - 处理中...
2023-12-30 19:30:21.072 [main] INFO  [code.DictionaryHandle.handle:46] - 需要处理 309 条数据...
2023-12-30 19:30:25.557 [main] INFO  [code.DictionaryHandle.handle:57] - 处理完毕
2023-12-30 19:30:25.585 [main] INFO  [code.DictionaryHandle.handle:43] - 处理中...
2023-12-30 19:30:25.596 [main] INFO  [code.DictionaryHandle.handle:46] - 需要处理 3739 条数据...
2023-12-30 19:31:15.507 [main] INFO  [code.DictionaryHandle.handle:57] - 处理完毕
2023-12-30 19:31:15.509 [main] INFO  [code.DictionaryHandle.handle:43] - 处理中...
2023-12-30 19:31:15.510 [main] INFO  [code.DictionaryHandle.handle:46] - 需要处理 271 条数据...
2023-12-30 19:31:19.163 [main] INFO  [code.DictionaryHandle.handle:57] - 处理完毕
2023-12-30 19:31:19.166 [main] INFO  [code.DictionaryHandle.handle:43] - 处理中...
2023-12-30 19:31:19.167 [main] INFO  [code.DictionaryHandle.handle:46] - 需要处理 684 条数据...
2023-12-30 19:31:28.383 [main] INFO  [code.DictionaryHandle.handle:57] - 处理完毕
2023-12-30 19:31:28.385 [main] INFO  [code.DictionaryHandle.handle:43] - 处理中...
2023-12-30 19:31:28.386 [main] INFO  [code.DictionaryHandle.handle:46] - 需要处理 108 条数据...
2023-12-30 19:31:29.861 [main] INFO  [code.DictionaryHandle.handle:57] - 处理完毕
2023-12-30 19:31:29.874 [main] INFO  [code.DictionaryHandle.handle:43] - 处理中...
2023-12-30 19:31:29.879 [main] INFO  [code.DictionaryHandle.handle:46] - 需要处理 2345 条数据...
2023-12-30 19:32:02.439 [main] INFO  [code.DictionaryHandle.handle:57] - 处理完毕
2023-12-30 19:32:02.454 [main] INFO  [code.DictionaryHandle.handle:43] - 处理中...
2023-12-30 19:32:02.459 [main] INFO  [code.DictionaryHandle.handle:46] - 需要处理 2825 条数据...
2023-12-30 19:32:42.014 [main] INFO  [code.DictionaryHandle.handle:57] - 处理完毕
2023-12-30 19:32:42.016 [main] INFO  [code.DictionaryHandle.handle:43] - 处理中...
2023-12-30 19:32:42.016 [main] INFO  [code.DictionaryHandle.handle:46] - 需要处理 104 条数据...
2023-12-30 19:32:43.511 [main] INFO  [code.DictionaryHandle.handle:57] - 处理完毕
2023-12-30 19:32:43.527 [main] INFO  [code.DictionaryHandle.handle:43] - 处理中...
2023-12-30 19:32:43.532 [main] INFO  [code.DictionaryHandle.handle:46] - 需要处理 2753 条数据...
2023-12-30 19:33:24.491 [main] INFO  [code.DictionaryHandle.handle:57] - 处理完毕
2023-12-30 19:33:24.494 [main] INFO  [code.DictionaryHandle.handle:43] - 处理中...
2023-12-30 19:33:24.494 [main] INFO  [code.DictionaryHandle.handle:46] - 需要处理 128 条数据...
2023-12-30 19:33:26.429 [main] INFO  [code.DictionaryHandle.handle:57] - 处理完毕
2023-12-30 19:33:26.442 [main] INFO  [code.DictionaryHandle.handle:43] - 处理中...
2023-12-30 19:33:26.447 [main] INFO  [code.DictionaryHandle.handle:46] - 需要处理 2078 条数据...
2023-12-30 19:33:57.300 [main] INFO  [code.DictionaryHandle.handle:57] - 处理完毕
2023-12-30 19:33:57.302 [main] INFO  [code.DictionaryHandle.handle:43] - 处理中...
2023-12-30 19:33:57.303 [main] INFO  [code.DictionaryHandle.handle:46] - 需要处理 334 条数据...
2023-12-30 19:34:02.554 [main] INFO  [code.DictionaryHandle.handle:57] - 处理完毕
2023-12-30 19:34:02.584 [main] INFO  [code.DictionaryHandle.handle:43] - 处理中...
2023-12-30 19:34:02.591 [main] INFO  [code.DictionaryHandle.handle:46] - 需要处理 2607 条数据...
2023-12-30 19:34:42.335 [main] INFO  [code.DictionaryHandle.handle:57] - 处理完毕
2023-12-30 19:34:42.338 [main] INFO  [code.DictionaryHandle.handle:43] - 处理中...
2023-12-30 19:34:42.339 [main] INFO  [code.DictionaryHandle.handle:46] - 需要处理 361 条数据...
2023-12-30 19:34:47.778 [main] INFO  [code.DictionaryHandle.handle:57] - 处理完毕
2023-12-30 19:34:47.781 [main] INFO  [code.DictionaryHandle.handle:43] - 处理中...
2023-12-30 19:34:47.782 [main] INFO  [code.DictionaryHandle.handle:46] - 需要处理 466 条数据...
2023-12-30 19:34:54.845 [main] INFO  [code.DictionaryHandle.handle:57] - 处理完毕
2023-12-30 19:34:54.848 [main] INFO  [code.DictionaryHandle.handle:43] - 处理中...
2023-12-30 19:34:54.848 [main] INFO  [code.DictionaryHandle.handle:46] - 需要处理 366 条数据...
2023-12-30 19:35:00.403 [main] INFO  [code.DictionaryHandle.handle:57] - 处理完毕
2023-12-30 19:35:00.439 [main] INFO  [code.DictionaryHandle.handle:43] - 处理中...
2023-12-30 19:35:00.452 [main] INFO  [code.DictionaryHandle.handle:46] - 需要处理 9213 条数据...
2023-12-30 19:37:28.923 [main] INFO  [code.DictionaryHandle.handle:57] - 处理完毕
2023-12-30 19:37:28.936 [main] INFO  [code.DictionaryHandle.handle:43] - 处理中...
2023-12-30 19:37:28.940 [main] INFO  [code.DictionaryHandle.handle:46] - 需要处理 1420 条数据...
2023-12-30 19:37:54.157 [main] INFO  [code.DictionaryHandle.handle:57] - 处理完毕
2023-12-30 19:37:54.160 [main] INFO  [code.DictionaryHandle.handle:43] - 处理中...
2023-12-30 19:37:54.161 [main] INFO  [code.DictionaryHandle.handle:46] - 需要处理 420 条数据...
2023-12-30 19:38:01.421 [main] INFO  [code.DictionaryHandle.handle:57] - 处理完毕
2023-12-30 19:38:01.424 [main] INFO  [code.DictionaryHandle.handle:43] - 处理中...
2023-12-30 19:38:01.425 [main] INFO  [code.DictionaryHandle.handle:46] - 需要处理 330 条数据...
2023-12-30 19:38:08.038 [main] INFO  [code.DictionaryHandle.handle:57] - 处理完毕
2023-12-30 19:38:08.042 [main] INFO  [code.DictionaryHandle.handle:43] - 处理中...
2023-12-30 19:38:08.042 [main] INFO  [code.DictionaryHandle.handle:46] - 需要处理 131 条数据...
2023-12-30 19:38:10.656 [main] INFO  [code.DictionaryHandle.handle:57] - 处理完毕
2023-12-30 19:38:10.660 [main] INFO  [code.DictionaryHandle.handle:43] - 处理中...
2023-12-30 19:38:10.661 [main] INFO  [code.DictionaryHandle.handle:46] - 需要处理 629 条数据...
2023-12-30 19:38:22.095 [main] INFO  [code.DictionaryHandle.handle:57] - 处理完毕
2023-12-30 19:38:22.100 [main] INFO  [code.DictionaryHandle.handle:43] - 处理中...
2023-12-30 19:38:22.101 [main] INFO  [code.DictionaryHandle.handle:46] - 需要处理 551 条数据...
2023-12-30 19:38:32.655 [main] INFO  [code.DictionaryHandle.handle:57] - 处理完毕
2023-12-30 19:38:32.673 [main] INFO  [code.DictionaryHandle.handle:43] - 处理中...
2023-12-30 19:38:32.679 [main] INFO  [code.DictionaryHandle.handle:46] - 需要处理 3254 条数据...
2023-12-30 19:39:30.668 [main] INFO  [code.DictionaryHandle.handle:57] - 处理完毕
2023-12-30 19:39:30.671 [main] INFO  [code.DictionaryHandle.handle:43] - 处理中...
2023-12-30 19:39:30.672 [main] INFO  [code.DictionaryHandle.handle:46] - 需要处理 307 条数据...
2023-12-30 19:39:36.075 [main] INFO  [code.DictionaryHandle.handle:57] - 处理完毕
2023-12-30 19:39:36.094 [main] INFO  [code.DictionaryHandle.handle:43] - 处理中...
2023-12-30 19:39:36.100 [main] INFO  [code.DictionaryHandle.handle:46] - 需要处理 3427 条数据...
2023-12-30 19:40:38.050 [main] INFO  [code.DictionaryHandle.handle:57] - 处理完毕
2023-12-30 19:40:38.083 [main] INFO  [code.DictionaryHandle.handle:43] - 处理中...
2023-12-30 19:40:38.092 [main] INFO  [code.DictionaryHandle.handle:46] - 需要处理 3575 条数据...
2023-12-30 19:41:45.044 [main] INFO  [code.DictionaryHandle.handle:57] - 处理完毕
2023-12-30 19:41:45.047 [main] INFO  [code.DictionaryHandle.handle:43] - 处理中...
2023-12-30 19:41:45.048 [main] INFO  [code.DictionaryHandle.handle:46] - 需要处理 357 条数据...
2023-12-30 19:41:51.961 [main] INFO  [code.DictionaryHandle.handle:57] - 处理完毕
2023-12-30 19:41:51.973 [main] INFO  [code.DictionaryHandle.handle:43] - 处理中...
2023-12-30 19:41:51.978 [main] INFO  [code.DictionaryHandle.handle:46] - 需要处理 3047 条数据...
2023-12-30 19:42:49.468 [main] INFO  [code.DictionaryHandle.handle:57] - 处理完毕
2023-12-30 19:42:49.472 [main] INFO  [code.DictionaryHandle.handle:43] - 处理中...
2023-12-30 19:42:49.473 [main] INFO  [code.DictionaryHandle.handle:46] - 需要处理 392 条数据...
2023-12-30 19:42:56.779 [main] INFO  [code.DictionaryHandle.handle:57] - 处理完毕
2023-12-30 19:42:56.799 [main] INFO  [code.DictionaryHandle.handle:43] - 处理中...
2023-12-30 19:42:56.806 [main] INFO  [code.DictionaryHandle.handle:46] - 需要处理 3427 条数据...
2023-12-30 19:44:01.240 [main] INFO  [code.DictionaryHandle.handle:57] - 处理完毕
2023-12-30 19:44:01.243 [main] INFO  [code.DictionaryHandle.handle:43] - 处理中...
2023-12-30 19:44:01.243 [main] INFO  [code.DictionaryHandle.handle:46] - 需要处理 267 条数据...
2023-12-30 19:44:06.343 [main] INFO  [code.DictionaryHandle.handle:57] - 处理完毕
2023-12-30 19:44:06.346 [main] INFO  [code.DictionaryHandle.handle:43] - 处理中...
2023-12-30 19:44:06.346 [main] INFO  [code.DictionaryHandle.handle:46] - 需要处理 352 条数据...
2023-12-30 19:44:13.056 [main] INFO  [code.DictionaryHandle.handle:57] - 处理完毕
2023-12-30 19:44:13.058 [main] INFO  [code.DictionaryHandle.handle:43] - 处理中...
2023-12-30 19:44:13.058 [main] INFO  [code.DictionaryHandle.handle:46] - 需要处理 226 条数据...
2023-12-30 19:44:17.761 [main] INFO  [code.DictionaryHandle.handle:57] - 处理完毕
2023-12-30 20:24:36.845 [main] INFO  [code.config.Config.<clinit>:43] - /Users/kylelin1998/project/telegram-bot/random-dictionary-bot
/Users/kylelin1998/project/telegram-bot/random-dictionary-bot/config
/Users/kylelin1998/project/telegram-bot/random-dictionary-bot/config/config.yaml
2023-12-30 20:24:36.954 [main] INFO  [code.DictionaryHandle.handle:43] - 处理中...
2023-12-30 20:24:36.964 [main] INFO  [code.DictionaryHandle.handle:45] - 需要处理 320 条数据...
2023-12-30 20:24:43.066 [main] INFO  [code.DictionaryHandle.handle:56] - 处理完毕
2023-12-30 20:24:43.096 [main] INFO  [code.DictionaryHandle.handle:43] - 处理中...
2023-12-30 20:24:43.102 [main] INFO  [code.DictionaryHandle.handle:45] - 需要处理 2340 条数据...
2023-12-30 20:25:28.586 [main] INFO  [code.DictionaryHandle.handle:56] - 处理完毕
2023-12-30 20:25:28.589 [main] INFO  [code.DictionaryHandle.handle:43] - 处理中...
2023-12-30 20:25:28.590 [main] INFO  [code.DictionaryHandle.handle:45] - 需要处理 244 条数据...
2023-12-30 20:25:33.445 [main] INFO  [code.DictionaryHandle.handle:56] - 处理完毕
2023-12-30 20:25:33.466 [main] INFO  [code.DictionaryHandle.handle:43] - 处理中...
2023-12-30 20:25:33.475 [main] INFO  [code.DictionaryHandle.handle:45] - 需要处理 4464 条数据...
2023-12-30 20:26:56.992 [main] INFO  [code.DictionaryHandle.handle:56] - 处理完毕
2023-12-30 20:26:56.996 [main] INFO  [code.DictionaryHandle.handle:43] - 处理中...
2023-12-30 20:26:56.997 [main] INFO  [code.DictionaryHandle.handle:45] - 需要处理 391 条数据...
2023-12-30 20:27:04.619 [main] INFO  [code.DictionaryHandle.handle:56] - 处理完毕
2023-12-30 20:27:04.623 [main] INFO  [code.DictionaryHandle.handle:43] - 处理中...
2023-12-30 20:27:04.625 [main] INFO  [code.DictionaryHandle.handle:45] - 需要处理 492 条数据...
2023-12-30 20:27:13.779 [main] INFO  [code.DictionaryHandle.handle:56] - 处理完毕
2023-12-30 20:27:13.791 [main] INFO  [code.DictionaryHandle.handle:43] - 处理中...
2023-12-30 20:27:13.794 [main] INFO  [code.DictionaryHandle.handle:45] - 需要处理 1420 条数据...
2023-12-30 20:27:40.118 [main] INFO  [code.DictionaryHandle.handle:56] - 处理完毕
2023-12-30 20:27:40.121 [main] INFO  [code.DictionaryHandle.handle:43] - 处理中...
2023-12-30 20:27:40.122 [main] INFO  [code.DictionaryHandle.handle:45] - 需要处理 384 条数据...
2023-12-30 20:27:47.245 [main] INFO  [code.DictionaryHandle.handle:56] - 处理完毕
2023-12-30 20:27:47.264 [main] INFO  [code.DictionaryHandle.handle:43] - 处理中...
2023-12-30 20:27:47.276 [main] INFO  [code.DictionaryHandle.handle:45] - 需要处理 4423 条数据...
2023-12-30 20:29:09.873 [main] INFO  [code.DictionaryHandle.handle:56] - 处理完毕
2023-12-30 20:29:09.880 [main] INFO  [code.DictionaryHandle.handle:43] - 处理中...
2023-12-30 20:29:09.883 [main] INFO  [code.DictionaryHandle.handle:45] - 需要处理 1228 条数据...
2023-12-30 20:29:32.638 [main] INFO  [code.DictionaryHandle.handle:56] - 处理完毕
2023-12-30 20:29:32.641 [main] INFO  [code.DictionaryHandle.handle:43] - 处理中...
2023-12-30 20:29:32.641 [main] INFO  [code.DictionaryHandle.handle:45] - 需要处理 295 条数据...
2023-12-30 20:29:38.105 [main] INFO  [code.DictionaryHandle.handle:56] - 处理完毕
2023-12-30 20:29:38.150 [main] INFO  [code.DictionaryHandle.handle:43] - 处理中...
2023-12-30 20:29:38.172 [main] INFO  [code.DictionaryHandle.handle:45] - 需要处理 12197 条数据...
2023-12-30 20:33:25.037 [main] INFO  [code.DictionaryHandle.handle:56] - 处理完毕
2023-12-30 20:33:25.054 [main] INFO  [code.DictionaryHandle.handle:43] - 处理中...
2023-12-30 20:33:25.061 [main] INFO  [code.DictionaryHandle.handle:45] - 需要处理 3668 条数据...
2023-12-30 20:34:32.759 [main] INFO  [code.DictionaryHandle.handle:56] - 处理完毕
2023-12-30 20:34:32.761 [main] INFO  [code.DictionaryHandle.handle:43] - 处理中...
2023-12-30 20:34:32.762 [main] INFO  [code.DictionaryHandle.handle:45] - 需要处理 156 条数据...
2023-12-30 20:34:35.684 [main] INFO  [code.DictionaryHandle.handle:56] - 处理完毕
2023-12-30 20:34:35.688 [main] INFO  [code.DictionaryHandle.handle:43] - 处理中...
2023-12-30 20:34:35.689 [main] INFO  [code.DictionaryHandle.handle:45] - 需要处理 438 条数据...
2023-12-30 20:34:43.781 [main] INFO  [code.DictionaryHandle.handle:56] - 处理完毕
2023-12-30 20:34:43.783 [main] INFO  [code.DictionaryHandle.handle:43] - 处理中...
2023-12-30 20:34:43.784 [main] INFO  [code.DictionaryHandle.handle:45] - 需要处理 419 条数据...
2023-12-30 20:34:51.532 [main] INFO  [code.DictionaryHandle.handle:56] - 处理完毕
2023-12-30 20:34:51.547 [main] INFO  [code.DictionaryHandle.handle:43] - 处理中...
2023-12-30 20:34:51.552 [main] INFO  [code.DictionaryHandle.handle:45] - 需要处理 3728 条数据...
2023-12-30 20:36:00.840 [main] INFO  [code.DictionaryHandle.handle:56] - 处理完毕
2023-12-30 20:36:00.860 [main] INFO  [code.DictionaryHandle.handle:43] - 处理中...
2023-12-30 20:36:00.868 [main] INFO  [code.DictionaryHandle.handle:45] - 需要处理 7199 条数据...
2023-12-30 20:38:14.455 [main] INFO  [code.DictionaryHandle.handle:56] - 处理完毕
2023-12-30 20:38:14.459 [main] INFO  [code.DictionaryHandle.handle:43] - 处理中...
2023-12-30 20:38:14.459 [main] INFO  [code.DictionaryHandle.handle:45] - 需要处理 364 条数据...
2023-12-30 20:38:21.220 [main] INFO  [code.DictionaryHandle.handle:56] - 处理完毕
2023-12-30 20:38:21.221 [main] INFO  [code.DictionaryHandle.handle:43] - 处理中...
2023-12-30 20:38:21.222 [main] INFO  [code.DictionaryHandle.handle:45] - 需要处理 84 条数据...
2023-12-30 20:38:22.781 [main] INFO  [code.DictionaryHandle.handle:56] - 处理完毕
2023-12-30 20:38:22.784 [main] INFO  [code.DictionaryHandle.handle:43] - 处理中...
2023-12-30 20:38:22.785 [main] INFO  [code.DictionaryHandle.handle:45] - 需要处理 381 条数据...
2023-12-30 20:38:29.845 [main] INFO  [code.DictionaryHandle.handle:56] - 处理完毕
2023-12-30 20:38:29.853 [main] INFO  [code.DictionaryHandle.handle:43] - 处理中...
2023-12-30 20:38:29.855 [main] INFO  [code.DictionaryHandle.handle:45] - 需要处理 1228 条数据...
2023-12-30 20:38:52.910 [main] INFO  [code.DictionaryHandle.handle:56] - 处理完毕
2023-12-30 20:38:52.913 [main] INFO  [code.DictionaryHandle.handle:43] - 处理中...
2023-12-30 20:38:52.914 [main] INFO  [code.DictionaryHandle.handle:45] - 需要处理 336 条数据...
2023-12-30 20:38:59.691 [main] INFO  [code.DictionaryHandle.handle:56] - 处理完毕
2023-12-30 20:38:59.707 [main] INFO  [code.DictionaryHandle.handle:43] - 处理中...
2023-12-30 20:38:59.713 [main] INFO  [code.DictionaryHandle.handle:45] - 需要处理 4025 条数据...
2023-12-30 20:40:17.556 [main] INFO  [code.DictionaryHandle.handle:56] - 处理完毕
2023-12-30 20:40:17.558 [main] INFO  [code.DictionaryHandle.handle:43] - 处理中...
2023-12-30 20:40:17.558 [main] INFO  [code.DictionaryHandle.handle:45] - 需要处理 72 条数据...
2023-12-30 20:40:18.909 [main] INFO  [code.DictionaryHandle.handle:56] - 处理完毕
2023-12-30 20:40:18.916 [main] INFO  [code.DictionaryHandle.handle:43] - 处理中...
2023-12-30 20:40:18.918 [main] INFO  [code.DictionaryHandle.handle:45] - 需要处理 1162 条数据...
2023-12-30 20:40:40.508 [main] INFO  [code.DictionaryHandle.handle:56] - 处理完毕
2023-12-30 20:40:40.512 [main] INFO  [code.DictionaryHandle.handle:43] - 处理中...
2023-12-30 20:40:40.513 [main] INFO  [code.DictionaryHandle.handle:45] - 需要处理 327 条数据...
2023-12-30 20:40:46.921 [main] INFO  [code.DictionaryHandle.handle:56] - 处理完毕
2023-12-30 20:40:46.923 [main] INFO  [code.DictionaryHandle.handle:43] - 处理中...
2023-12-30 20:40:46.923 [main] INFO  [code.DictionaryHandle.handle:45] - 需要处理 130 条数据...
2023-12-30 20:40:49.454 [main] INFO  [code.DictionaryHandle.handle:56] - 处理完毕
2023-12-30 20:40:49.494 [main] INFO  [code.DictionaryHandle.handle:43] - 处理中...
2023-12-30 20:40:49.511 [main] INFO  [code.DictionaryHandle.handle:45] - 需要处理 12197 条数据...
2023-12-30 20:44:36.786 [main] INFO  [code.DictionaryHandle.handle:56] - 处理完毕
2023-12-30 20:44:36.790 [main] INFO  [code.DictionaryHandle.handle:43] - 处理中...
2023-12-30 20:44:36.791 [main] INFO  [code.DictionaryHandle.handle:45] - 需要处理 266 条数据...
2023-12-30 20:44:41.712 [main] INFO  [code.DictionaryHandle.handle:56] - 处理完毕
2023-12-30 20:44:41.726 [main] INFO  [code.DictionaryHandle.handle:43] - 处理中...
2023-12-30 20:44:41.730 [main] INFO  [code.DictionaryHandle.handle:45] - 需要处理 3254 条数据...
2023-12-30 20:45:42.344 [main] INFO  [code.DictionaryHandle.handle:56] - 处理完毕
2023-12-30 20:45:42.351 [main] INFO  [code.DictionaryHandle.handle:43] - 处理中...
2023-12-30 20:45:42.354 [main] INFO  [code.DictionaryHandle.handle:45] - 需要处理 1341 条数据...
2023-12-30 20:46:07.231 [main] INFO  [code.DictionaryHandle.handle:56] - 处理完毕
2023-12-30 20:46:07.234 [main] INFO  [code.DictionaryHandle.handle:43] - 处理中...
2023-12-30 20:46:07.234 [main] INFO  [code.DictionaryHandle.handle:45] - 需要处理 299 条数据...
2023-12-30 20:46:12.788 [main] INFO  [code.DictionaryHandle.handle:56] - 处理完毕
2023-12-30 20:46:12.792 [main] INFO  [code.DictionaryHandle.handle:43] - 处理中...
2023-12-30 20:46:12.793 [main] INFO  [code.DictionaryHandle.handle:45] - 需要处理 595 条数据...
2023-12-30 20:46:23.824 [main] INFO  [code.DictionaryHandle.handle:56] - 处理完毕
2023-12-30 20:46:23.843 [main] INFO  [code.DictionaryHandle.handle:43] - 处理中...
2023-12-30 20:46:23.850 [main] INFO  [code.DictionaryHandle.handle:45] - 需要处理 6515 条数据...
2023-12-30 20:48:24.767 [main] INFO  [code.DictionaryHandle.handle:56] - 处理完毕
2023-12-30 20:48:24.787 [main] INFO  [code.DictionaryHandle.handle:43] - 处理中...
2023-12-30 20:48:24.794 [main] INFO  [code.DictionaryHandle.handle:45] - 需要处理 4533 条数据...
2023-12-30 20:49:49.166 [main] INFO  [code.DictionaryHandle.handle:56] - 处理完毕
2023-12-30 20:49:49.178 [main] INFO  [code.DictionaryHandle.handle:43] - 处理中...
2023-12-30 20:49:49.181 [main] INFO  [code.DictionaryHandle.handle:45] - 需要处理 1162 条数据...
2023-12-30 20:50:10.767 [main] INFO  [code.DictionaryHandle.handle:56] - 处理完毕
2023-12-30 20:50:10.771 [main] INFO  [code.DictionaryHandle.handle:43] - 处理中...
2023-12-30 20:50:10.772 [main] INFO  [code.DictionaryHandle.handle:45] - 需要处理 311 条数据...
2023-12-30 20:50:16.584 [main] INFO  [code.DictionaryHandle.handle:56] - 处理完毕
2023-12-30 20:50:16.593 [main] INFO  [code.DictionaryHandle.handle:43] - 处理中...
2023-12-30 20:50:16.597 [main] INFO  [code.DictionaryHandle.handle:45] - 需要处理 1803 条数据...
2023-12-30 20:50:49.997 [main] INFO  [code.DictionaryHandle.handle:56] - 处理完毕
2023-12-30 20:50:50.012 [main] INFO  [code.DictionaryHandle.handle:43] - 处理中...
2023-12-30 20:50:50.018 [main] INFO  [code.DictionaryHandle.handle:45] - 需要处理 4025 条数据...
2023-12-30 20:52:05.079 [main] INFO  [code.DictionaryHandle.handle:56] - 处理完毕
2023-12-30 20:52:05.096 [main] INFO  [code.DictionaryHandle.handle:43] - 处理中...
2023-12-30 20:52:05.102 [main] INFO  [code.DictionaryHandle.handle:45] - 需要处理 3668 条数据...
2023-12-30 20:53:12.972 [main] INFO  [code.DictionaryHandle.handle:56] - 处理完毕
2023-12-30 20:53:12.980 [main] INFO  [code.DictionaryHandle.handle:43] - 处理中...
2023-12-30 20:53:12.982 [main] INFO  [code.DictionaryHandle.handle:45] - 需要处理 1341 条数据...
2023-12-30 20:53:38.679 [main] INFO  [code.DictionaryHandle.handle:56] - 处理完毕
2023-12-30 20:53:38.682 [main] INFO  [code.DictionaryHandle.handle:43] - 处理中...
2023-12-30 20:53:38.682 [main] INFO  [code.DictionaryHandle.handle:45] - 需要处理 319 条数据...
2023-12-30 20:53:44.741 [main] INFO  [code.DictionaryHandle.handle:56] - 处理完毕
2023-12-30 20:53:44.757 [main] INFO  [code.DictionaryHandle.handle:43] - 处理中...
2023-12-30 20:53:44.763 [main] INFO  [code.DictionaryHandle.handle:45] - 需要处理 4264 条数据...
2023-12-30 20:55:06.062 [main] INFO  [code.DictionaryHandle.handle:56] - 处理完毕
2023-12-30 20:55:06.083 [main] INFO  [code.DictionaryHandle.handle:43] - 处理中...
2023-12-30 20:55:06.091 [main] INFO  [code.DictionaryHandle.handle:45] - 需要处理 3739 条数据...
2023-12-30 20:56:18.659 [main] INFO  [code.DictionaryHandle.handle:56] - 处理完毕
2023-12-30 20:56:18.661 [main] INFO  [code.DictionaryHandle.handle:43] - 处理中...
2023-12-30 20:56:18.661 [main] INFO  [code.DictionaryHandle.handle:45] - 需要处理 64 条数据...
2023-12-30 20:56:19.923 [main] INFO  [code.DictionaryHandle.handle:56] - 处理完毕
2023-12-30 20:56:19.927 [main] INFO  [code.DictionaryHandle.handle:43] - 处理中...
2023-12-30 20:56:19.928 [main] INFO  [code.DictionaryHandle.handle:45] - 需要处理 595 条数据...
2023-12-30 20:56:31.398 [main] INFO  [code.DictionaryHandle.handle:56] - 处理完毕
2023-12-30 20:56:31.401 [main] INFO  [code.DictionaryHandle.handle:43] - 处理中...
2023-12-30 20:56:31.401 [main] INFO  [code.DictionaryHandle.handle:45] - 需要处理 309 条数据...
2023-12-30 20:56:37.295 [main] INFO  [code.DictionaryHandle.handle:56] - 处理完毕
2023-12-30 20:56:37.315 [main] INFO  [code.DictionaryHandle.handle:43] - 处理中...
2023-12-30 20:56:37.323 [main] INFO  [code.DictionaryHandle.handle:45] - 需要处理 3739 条数据...
2023-12-30 20:57:50.365 [main] INFO  [code.DictionaryHandle.handle:56] - 处理完毕
2023-12-30 20:57:50.369 [main] INFO  [code.DictionaryHandle.handle:43] - 处理中...
2023-12-30 20:57:50.369 [main] INFO  [code.DictionaryHandle.handle:45] - 需要处理 271 条数据...
2023-12-30 20:57:55.724 [main] INFO  [code.DictionaryHandle.handle:56] - 处理完毕
2023-12-30 20:57:55.728 [main] INFO  [code.DictionaryHandle.handle:43] - 处理中...
2023-12-30 20:57:55.729 [main] INFO  [code.DictionaryHandle.handle:45] - 需要处理 684 条数据...
2023-12-30 20:58:09.308 [main] INFO  [code.DictionaryHandle.handle:56] - 处理完毕
2023-12-30 20:58:09.310 [main] INFO  [code.DictionaryHandle.handle:43] - 处理中...
2023-12-30 20:58:09.311 [main] INFO  [code.DictionaryHandle.handle:45] - 需要处理 108 条数据...
2023-12-30 20:58:11.466 [main] INFO  [code.DictionaryHandle.handle:56] - 处理完毕
2023-12-30 20:58:11.479 [main] INFO  [code.DictionaryHandle.handle:43] - 处理中...
2023-12-30 20:58:11.484 [main] INFO  [code.DictionaryHandle.handle:45] - 需要处理 2345 条数据...
2023-12-30 20:58:58.226 [main] INFO  [code.DictionaryHandle.handle:56] - 处理完毕
2023-12-30 20:58:58.239 [main] INFO  [code.DictionaryHandle.handle:43] - 处理中...
2023-12-30 20:58:58.244 [main] INFO  [code.DictionaryHandle.handle:45] - 需要处理 2825 条数据...
2023-12-30 20:59:54.231 [main] INFO  [code.DictionaryHandle.handle:56] - 处理完毕
2023-12-30 20:59:54.234 [main] INFO  [code.DictionaryHandle.handle:43] - 处理中...
2023-12-30 20:59:54.234 [main] INFO  [code.DictionaryHandle.handle:45] - 需要处理 104 条数据...
2023-12-30 20:59:56.269 [main] INFO  [code.DictionaryHandle.handle:56] - 处理完毕
2023-12-30 20:59:56.283 [main] INFO  [code.DictionaryHandle.handle:43] - 处理中...
2023-12-30 20:59:56.288 [main] INFO  [code.DictionaryHandle.handle:45] - 需要处理 2753 条数据...
2023-12-30 21:00:50.280 [main] INFO  [code.DictionaryHandle.handle:56] - 处理完毕
2023-12-30 21:00:50.283 [main] INFO  [code.DictionaryHandle.handle:43] - 处理中...
2023-12-30 21:00:50.283 [main] INFO  [code.DictionaryHandle.handle:45] - 需要处理 128 条数据...
2023-12-30 21:00:52.842 [main] INFO  [code.DictionaryHandle.handle:56] - 处理完毕
2023-12-30 21:00:52.853 [main] INFO  [code.DictionaryHandle.handle:43] - 处理中...
2023-12-30 21:00:52.857 [main] INFO  [code.DictionaryHandle.handle:45] - 需要处理 2078 条数据...
2023-12-30 21:01:34.028 [main] INFO  [code.DictionaryHandle.handle:56] - 处理完毕
2023-12-30 21:01:34.031 [main] INFO  [code.DictionaryHandle.handle:43] - 处理中...
2023-12-30 21:01:34.031 [main] INFO  [code.DictionaryHandle.handle:45] - 需要处理 334 条数据...
2023-12-30 21:01:40.610 [main] INFO  [code.DictionaryHandle.handle:56] - 处理完毕
2023-12-30 21:01:40.626 [main] INFO  [code.DictionaryHandle.handle:43] - 处理中...
2023-12-30 21:01:40.632 [main] INFO  [code.DictionaryHandle.handle:45] - 需要处理 2607 条数据...
2023-12-30 21:02:31.837 [main] INFO  [code.DictionaryHandle.handle:56] - 处理完毕
2023-12-30 21:02:31.841 [main] INFO  [code.DictionaryHandle.handle:43] - 处理中...
2023-12-30 21:02:31.841 [main] INFO  [code.DictionaryHandle.handle:45] - 需要处理 361 条数据...
2023-12-30 21:02:38.924 [main] INFO  [code.DictionaryHandle.handle:56] - 处理完毕
2023-12-30 21:02:38.929 [main] INFO  [code.DictionaryHandle.handle:43] - 处理中...
2023-12-30 21:02:38.930 [main] INFO  [code.DictionaryHandle.handle:45] - 需要处理 466 条数据...
2023-12-30 21:02:48.003 [main] INFO  [code.DictionaryHandle.handle:56] - 处理完毕
2023-12-30 21:02:48.006 [main] INFO  [code.DictionaryHandle.handle:43] - 处理中...
2023-12-30 21:02:48.007 [main] INFO  [code.DictionaryHandle.handle:45] - 需要处理 366 条数据...
2023-12-30 21:02:55.198 [main] INFO  [code.DictionaryHandle.handle:56] - 处理完毕
2023-12-30 21:02:55.230 [main] INFO  [code.DictionaryHandle.handle:43] - 处理中...
2023-12-30 21:02:55.243 [main] INFO  [code.DictionaryHandle.handle:45] - 需要处理 9213 条数据...
2023-12-30 21:05:56.792 [main] INFO  [code.DictionaryHandle.handle:56] - 处理完毕
2023-12-30 21:05:56.801 [main] INFO  [code.DictionaryHandle.handle:43] - 处理中...
2023-12-30 21:05:56.804 [main] INFO  [code.DictionaryHandle.handle:45] - 需要处理 1420 条数据...
2023-12-30 21:06:23.883 [main] INFO  [code.DictionaryHandle.handle:56] - 处理完毕
2023-12-30 21:06:23.888 [main] INFO  [code.DictionaryHandle.handle:43] - 处理中...
2023-12-30 21:06:23.888 [main] INFO  [code.DictionaryHandle.handle:45] - 需要处理 420 条数据...
2023-12-30 21:06:31.906 [main] INFO  [code.DictionaryHandle.handle:56] - 处理完毕
2023-12-30 21:06:31.912 [main] INFO  [code.DictionaryHandle.handle:43] - 处理中...
2023-12-30 21:06:31.912 [main] INFO  [code.DictionaryHandle.handle:45] - 需要处理 330 条数据...
2023-12-30 21:06:38.212 [main] INFO  [code.DictionaryHandle.handle:56] - 处理完毕
2023-12-30 21:06:38.214 [main] INFO  [code.DictionaryHandle.handle:43] - 处理中...
2023-12-30 21:06:38.214 [main] INFO  [code.DictionaryHandle.handle:45] - 需要处理 131 条数据...
2023-12-30 21:06:40.737 [main] INFO  [code.DictionaryHandle.handle:56] - 处理完毕
2023-12-30 21:06:40.741 [main] INFO  [code.DictionaryHandle.handle:43] - 处理中...
2023-12-30 21:06:40.742 [main] INFO  [code.DictionaryHandle.handle:45] - 需要处理 629 条数据...
2023-12-30 21:06:52.818 [main] INFO  [code.DictionaryHandle.handle:56] - 处理完毕
2023-12-30 21:06:52.822 [main] INFO  [code.DictionaryHandle.handle:43] - 处理中...
2023-12-30 21:06:52.823 [main] INFO  [code.DictionaryHandle.handle:45] - 需要处理 551 条数据...
2023-12-30 21:07:03.371 [main] INFO  [code.DictionaryHandle.handle:56] - 处理完毕
2023-12-30 21:07:03.385 [main] INFO  [code.DictionaryHandle.handle:43] - 处理中...
2023-12-30 21:07:03.390 [main] INFO  [code.DictionaryHandle.handle:45] - 需要处理 3254 条数据...
2023-12-30 21:08:05.913 [main] INFO  [code.DictionaryHandle.handle:56] - 处理完毕
2023-12-30 21:08:05.915 [main] INFO  [code.DictionaryHandle.handle:43] - 处理中...
2023-12-30 21:08:05.916 [main] INFO  [code.DictionaryHandle.handle:45] - 需要处理 307 条数据...
2023-12-30 21:08:11.807 [main] INFO  [code.DictionaryHandle.handle:56] - 处理完毕
2023-12-30 21:08:11.821 [main] INFO  [code.DictionaryHandle.handle:43] - 处理中...
2023-12-30 21:08:11.826 [main] INFO  [code.DictionaryHandle.handle:45] - 需要处理 3427 条数据...
2023-12-30 21:09:17.665 [main] INFO  [code.DictionaryHandle.handle:56] - 处理完毕
2023-12-30 21:09:17.681 [main] INFO  [code.DictionaryHandle.handle:43] - 处理中...
2023-12-30 21:09:17.686 [main] INFO  [code.DictionaryHandle.handle:45] - 需要处理 3575 条数据...
2023-12-30 21:10:28.871 [main] INFO  [code.DictionaryHandle.handle:56] - 处理完毕
2023-12-30 21:10:28.875 [main] INFO  [code.DictionaryHandle.handle:43] - 处理中...
2023-12-30 21:10:28.875 [main] INFO  [code.DictionaryHandle.handle:45] - 需要处理 357 条数据...
2023-12-30 21:10:36.136 [main] INFO  [code.DictionaryHandle.handle:56] - 处理完毕
2023-12-30 21:10:36.147 [main] INFO  [code.DictionaryHandle.handle:43] - 处理中...
2023-12-30 21:10:36.151 [main] INFO  [code.DictionaryHandle.handle:45] - 需要处理 3047 条数据...
2023-12-30 21:11:35.899 [main] INFO  [code.DictionaryHandle.handle:56] - 处理完毕
2023-12-30 21:11:35.905 [main] INFO  [code.DictionaryHandle.handle:43] - 处理中...
2023-12-30 21:11:35.906 [main] INFO  [code.DictionaryHandle.handle:45] - 需要处理 392 条数据...
2023-12-30 21:11:43.494 [main] INFO  [code.DictionaryHandle.handle:56] - 处理完毕
2023-12-30 21:11:43.509 [main] INFO  [code.DictionaryHandle.handle:43] - 处理中...
2023-12-30 21:11:43.514 [main] INFO  [code.DictionaryHandle.handle:45] - 需要处理 3427 条数据...
2023-12-30 21:12:50.287 [main] INFO  [code.DictionaryHandle.handle:56] - 处理完毕
2023-12-30 21:12:50.289 [main] INFO  [code.DictionaryHandle.handle:43] - 处理中...
2023-12-30 21:12:50.289 [main] INFO  [code.DictionaryHandle.handle:45] - 需要处理 267 条数据...
2023-12-30 21:12:55.454 [main] INFO  [code.DictionaryHandle.handle:56] - 处理完毕
2023-12-30 21:12:55.457 [main] INFO  [code.DictionaryHandle.handle:43] - 处理中...
2023-12-30 21:12:55.457 [main] INFO  [code.DictionaryHandle.handle:45] - 需要处理 352 条数据...
2023-12-30 21:13:02.275 [main] INFO  [code.DictionaryHandle.handle:56] - 处理完毕
2023-12-30 21:13:02.278 [main] INFO  [code.DictionaryHandle.handle:43] - 处理中...
2023-12-30 21:13:02.278 [main] INFO  [code.DictionaryHandle.handle:45] - 需要处理 226 条数据...
2023-12-30 21:13:06.677 [main] INFO  [code.DictionaryHandle.handle:56] - 处理完毕
